2021-04-17 10:47:37 上午 [Thread: main][ Class:org.apache.ibatis.logging.LogFactory >> Method: org.apache.ibatis.logging.LogFactory.setImplementation(LogFactory.java:105) ]
DEBUG:Logging initialized using 'class org.apache.ibatis.logging.log4j.Log4jImpl' adapter.
2021-04-17 10:47:37 上午 [Thread: main][ Class:org.apache.ibatis.logging.LogFactory >> Method: org.apache.ibatis.logging.LogFactory.setImplementation(LogFactory.java:105) ]
DEBUG:Logging initialized using 'class org.apache.ibatis.logging.log4j.Log4jImpl' adapter.
2021-04-17 10:47:37 上午 [Thread: main][ Class:org.apache.ibatis.datasource.pooled.PooledDataSource >> Method: org.apache.ibatis.datasource.pooled.PooledDataSource.forceCloseAll(PooledDataSource.java:353) ]
DEBUG:PooledDataSource forcefully closed/removed all connections.
2021-04-17 10:47:37 上午 [Thread: main][ Class:org.apache.ibatis.datasource.pooled.PooledDataSource >> Method: org.apache.ibatis.datasource.pooled.PooledDataSource.forceCloseAll(PooledDataSource.java:353) ]
DEBUG:PooledDataSource forcefully closed/removed all connections.
2021-04-17 10:47:37 上午 [Thread: main][ Class:org.apache.ibatis.datasource.pooled.PooledDataSource >> Method: org.apache.ibatis.datasource.pooled.PooledDataSource.forceCloseAll(PooledDataSource.java:353) ]
DEBUG:PooledDataSource forcefully closed/removed all connections.
2021-04-17 10:47:37 上午 [Thread: main][ Class:org.apache.ibatis.datasource.pooled.PooledDataSource >> Method: org.apache.ibatis.datasource.pooled.PooledDataSource.forceCloseAll(PooledDataSource.java:353) ]
DEBUG:PooledDataSource forcefully closed/removed all connections.
2021-04-17 10:47:38 上午 [Thread: main][ Class:org.apache.ibatis.transaction.jdbc.JdbcTransaction >> Method: org.apache.ibatis.transaction.jdbc.JdbcTransaction.openConnection(JdbcTransaction.java:136) ]
DEBUG:Opening JDBC Connection
2021-04-17 10:47:38 上午 [Thread: main][ Class:org.apache.ibatis.datasource.pooled.PooledDataSource >> Method: org.apache.ibatis.datasource.pooled.PooledDataSource.popConnection(PooledDataSource.java:424) ]
DEBUG:Created connection 550668305.
2021-04-17 10:47:38 上午 [Thread: main][ Class:org.apache.ibatis.transaction.jdbc.JdbcTransaction >> Method: org.apache.ibatis.transaction.jdbc.JdbcTransaction.setDesiredAutoCommit(JdbcTransaction.java:100) ]
DEBUG:Setting autocommit to false on JDBC Connection [com.mysql.cj.jdbc.ConnectionImpl@20d28811]
2021-04-17 10:47:38 上午 [Thread: main][ Class:com.bian.Dao.UserMapper.getUserById >> Method: org.apache.ibatis.logging.jdbc.BaseJdbcLogger.debug(BaseJdbcLogger.java:143) ]
DEBUG:==>  Preparing: select * from user where id = ? 
2021-04-17 10:47:38 上午 [Thread: main][ Class:com.bian.Dao.UserMapper.getUserById >> Method: org.apache.ibatis.logging.jdbc.BaseJdbcLogger.debug(BaseJdbcLogger.java:143) ]
DEBUG:==> Parameters: 2(Integer)
2021-04-17 10:47:38 上午 [Thread: main][ Class:com.bian.Dao.UserMapper.getUserById >> Method: org.apache.ibatis.logging.jdbc.BaseJdbcLogger.debug(BaseJdbcLogger.java:143) ]
DEBUG:<==      Total: 1
2021-04-17 10:47:38 上午 [Thread: main][ Class:org.apache.ibatis.transaction.jdbc.JdbcTransaction >> Method: org.apache.ibatis.transaction.jdbc.JdbcTransaction.resetAutoCommit(JdbcTransaction.java:122) ]
DEBUG:Resetting autocommit to true on JDBC Connection [com.mysql.cj.jdbc.ConnectionImpl@20d28811]
2021-04-17 10:47:38 上午 [Thread: main][ Class:org.apache.ibatis.transaction.jdbc.JdbcTransaction >> Method: org.apache.ibatis.transaction.jdbc.JdbcTransaction.close(JdbcTransaction.java:90) ]
DEBUG:Closing JDBC Connection [com.mysql.cj.jdbc.ConnectionImpl@20d28811]
2021-04-17 10:47:38 上午 [Thread: main][ Class:org.apache.ibatis.datasource.pooled.PooledDataSource >> Method: org.apache.ibatis.datasource.pooled.PooledDataSource.pushConnection(PooledDataSource.java:381) ]
DEBUG:Returned connection 550668305 to pool.
2021-04-17 10:55:54 上午 [Thread: main][ Class:org.apache.ibatis.logging.LogFactory >> Method: org.apache.ibatis.logging.LogFactory.setImplementation(LogFactory.java:105) ]
DEBUG:Logging initialized using 'class org.apache.ibatis.logging.log4j.Log4jImpl' adapter.
2021-04-17 10:55:54 上午 [Thread: main][ Class:org.apache.ibatis.logging.LogFactory >> Method: org.apache.ibatis.logging.LogFactory.setImplementation(LogFactory.java:105) ]
DEBUG:Logging initialized using 'class org.apache.ibatis.logging.log4j.Log4jImpl' adapter.
2021-04-17 10:55:54 上午 [Thread: main][ Class:org.apache.ibatis.datasource.pooled.PooledDataSource >> Method: org.apache.ibatis.datasource.pooled.PooledDataSource.forceCloseAll(PooledDataSource.java:353) ]
DEBUG:PooledDataSource forcefully closed/removed all connections.
2021-04-17 10:55:54 上午 [Thread: main][ Class:org.apache.ibatis.datasource.pooled.PooledDataSource >> Method: org.apache.ibatis.datasource.pooled.PooledDataSource.forceCloseAll(PooledDataSource.java:353) ]
DEBUG:PooledDataSource forcefully closed/removed all connections.
2021-04-17 10:55:54 上午 [Thread: main][ Class:org.apache.ibatis.datasource.pooled.PooledDataSource >> Method: org.apache.ibatis.datasource.pooled.PooledDataSource.forceCloseAll(PooledDataSource.java:353) ]
DEBUG:PooledDataSource forcefully closed/removed all connections.
2021-04-17 10:55:54 上午 [Thread: main][ Class:org.apache.ibatis.datasource.pooled.PooledDataSource >> Method: org.apache.ibatis.datasource.pooled.PooledDataSource.forceCloseAll(PooledDataSource.java:353) ]
DEBUG:PooledDataSource forcefully closed/removed all connections.
2021-04-17 10:55:54 上午 [Thread: main][ Class:com.bian.Dao.UserDaoTest >> Method: com.bian.Dao.UserDaoTest.getUserList(UserDaoTest.java:19) ]
INFO:info:进入了getUserById方法成功
2021-04-17 10:55:54 上午 [Thread: main][ Class:com.bian.Dao.UserDaoTest >> Method: com.bian.Dao.UserDaoTest.getUserList(UserDaoTest.java:19) ]
INFO:info:进入了getUserById方法成功
2021-04-17 10:55:54 上午 [Thread: main][ Class:org.apache.ibatis.transaction.jdbc.JdbcTransaction >> Method: org.apache.ibatis.transaction.jdbc.JdbcTransaction.openConnection(JdbcTransaction.java:136) ]
DEBUG:Opening JDBC Connection
2021-04-17 10:55:54 上午 [Thread: main][ Class:org.apache.ibatis.datasource.pooled.PooledDataSource >> Method: org.apache.ibatis.datasource.pooled.PooledDataSource.popConnection(PooledDataSource.java:424) ]
DEBUG:Created connection 550668305.
2021-04-17 10:55:54 上午 [Thread: main][ Class:org.apache.ibatis.transaction.jdbc.JdbcTransaction >> Method: org.apache.ibatis.transaction.jdbc.JdbcTransaction.setDesiredAutoCommit(JdbcTransaction.java:100) ]
DEBUG:Setting autocommit to false on JDBC Connection [com.mysql.cj.jdbc.ConnectionImpl@20d28811]
2021-04-17 10:55:54 上午 [Thread: main][ Class:com.bian.Dao.UserMapper.getUserById >> Method: org.apache.ibatis.logging.jdbc.BaseJdbcLogger.debug(BaseJdbcLogger.java:143) ]
DEBUG:==>  Preparing: select * from user where id = ? 
2021-04-17 10:55:55 上午 [Thread: main][ Class:com.bian.Dao.UserMapper.getUserById >> Method: org.apache.ibatis.logging.jdbc.BaseJdbcLogger.debug(BaseJdbcLogger.java:143) ]
DEBUG:==> Parameters: 2(Integer)
2021-04-17 10:55:55 上午 [Thread: main][ Class:com.bian.Dao.UserMapper.getUserById >> Method: org.apache.ibatis.logging.jdbc.BaseJdbcLogger.debug(BaseJdbcLogger.java:143) ]
DEBUG:<==      Total: 1
2021-04-17 10:55:55 上午 [Thread: main][ Class:org.apache.ibatis.transaction.jdbc.JdbcTransaction >> Method: org.apache.ibatis.transaction.jdbc.JdbcTransaction.resetAutoCommit(JdbcTransaction.java:122) ]
DEBUG:Resetting autocommit to true on JDBC Connection [com.mysql.cj.jdbc.ConnectionImpl@20d28811]
2021-04-17 10:55:55 上午 [Thread: main][ Class:org.apache.ibatis.transaction.jdbc.JdbcTransaction >> Method: org.apache.ibatis.transaction.jdbc.JdbcTransaction.close(JdbcTransaction.java:90) ]
DEBUG:Closing JDBC Connection [com.mysql.cj.jdbc.ConnectionImpl@20d28811]
2021-04-17 10:55:55 上午 [Thread: main][ Class:org.apache.ibatis.datasource.pooled.PooledDataSource >> Method: org.apache.ibatis.datasource.pooled.PooledDataSource.pushConnection(PooledDataSource.java:381) ]
DEBUG:Returned connection 550668305 to pool.
2021-04-17 11:24:16 上午 [Thread: main][ Class:com.bian.Dao.UserDaoTest >> Method: com.bian.Dao.UserDaoTest.testLog4j(UserDaoTest.java:29) ]
INFO:info:进入了testLog4j
2021-04-17 11:24:16 上午 [Thread: main][ Class:com.bian.Dao.UserDaoTest >> Method: com.bian.Dao.UserDaoTest.testLog4j(UserDaoTest.java:29) ]
INFO:info:进入了testLog4j
2021-04-17 11:24:16 上午 [Thread: main][ Class:com.bian.Dao.UserDaoTest >> Method: com.bian.Dao.UserDaoTest.testLog4j(UserDaoTest.java:30) ]
DEBUG:debug:进入了testLog4j
2021-04-17 11:24:16 上午 [Thread: main][ Class:com.bian.Dao.UserDaoTest >> Method: com.bian.Dao.UserDaoTest.testLog4j(UserDaoTest.java:31) ]
ERROR:error:进入了testLog4j
2021-04-17 11:24:16 上午 [Thread: main][ Class:com.bian.Dao.UserDaoTest >> Method: com.bian.Dao.UserDaoTest.testLog4j(UserDaoTest.java:31) ]
ERROR:error:进入了testLog4j
2021-04-17 11:24:16 上午 [Thread: main][ Class:com.bian.Dao.UserDaoTest >> Method: com.bian.Dao.UserDaoTest.testLog4j(UserDaoTest.java:31) ]
ERROR:error:进入了testLog4j
2021-04-17 11:24:16 上午 [Thread: main][ Class:com.bian.Dao.UserDaoTest >> Method: com.bian.Dao.UserDaoTest.testLog4j(UserDaoTest.java:31) ]
ERROR:error:进入了testLog4j
2021-04-17 11:24:27 上午 [Thread: main][ Class:org.apache.ibatis.logging.LogFactory >> Method: org.apache.ibatis.logging.LogFactory.setImplementation(LogFactory.java:105) ]
DEBUG:Logging initialized using 'class org.apache.ibatis.logging.log4j.Log4jImpl' adapter.
2021-04-17 11:24:27 上午 [Thread: main][ Class:org.apache.ibatis.logging.LogFactory >> Method: org.apache.ibatis.logging.LogFactory.setImplementation(LogFactory.java:105) ]
DEBUG:Logging initialized using 'class org.apache.ibatis.logging.log4j.Log4jImpl' adapter.
2021-04-17 11:24:27 上午 [Thread: main][ Class:org.apache.ibatis.datasource.pooled.PooledDataSource >> Method: org.apache.ibatis.datasource.pooled.PooledDataSource.forceCloseAll(PooledDataSource.java:353) ]
DEBUG:PooledDataSource forcefully closed/removed all connections.
2021-04-17 11:24:27 上午 [Thread: main][ Class:org.apache.ibatis.datasource.pooled.PooledDataSource >> Method: org.apache.ibatis.datasource.pooled.PooledDataSource.forceCloseAll(PooledDataSource.java:353) ]
DEBUG:PooledDataSource forcefully closed/removed all connections.
2021-04-17 11:24:27 上午 [Thread: main][ Class:org.apache.ibatis.datasource.pooled.PooledDataSource >> Method: org.apache.ibatis.datasource.pooled.PooledDataSource.forceCloseAll(PooledDataSource.java:353) ]
DEBUG:PooledDataSource forcefully closed/removed all connections.
2021-04-17 11:24:27 上午 [Thread: main][ Class:org.apache.ibatis.datasource.pooled.PooledDataSource >> Method: org.apache.ibatis.datasource.pooled.PooledDataSource.forceCloseAll(PooledDataSource.java:353) ]
DEBUG:PooledDataSource forcefully closed/removed all connections.
2021-04-17 11:24:27 上午 [Thread: main][ Class:org.apache.ibatis.transaction.jdbc.JdbcTransaction >> Method: org.apache.ibatis.transaction.jdbc.JdbcTransaction.openConnection(JdbcTransaction.java:136) ]
DEBUG:Opening JDBC Connection
2021-04-17 11:24:28 上午 [Thread: main][ Class:org.apache.ibatis.datasource.pooled.PooledDataSource >> Method: org.apache.ibatis.datasource.pooled.PooledDataSource.popConnection(PooledDataSource.java:424) ]
DEBUG:Created connection 1624820151.
2021-04-17 11:24:28 上午 [Thread: main][ Class:org.apache.ibatis.transaction.jdbc.JdbcTransaction >> Method: org.apache.ibatis.transaction.jdbc.JdbcTransaction.setDesiredAutoCommit(JdbcTransaction.java:100) ]
DEBUG:Setting autocommit to false on JDBC Connection [com.mysql.cj.jdbc.ConnectionImpl@60d8c9b7]
2021-04-17 11:24:28 上午 [Thread: main][ Class:com.bian.Dao.UserMapper.getUserByLimit >> Method: org.apache.ibatis.logging.jdbc.BaseJdbcLogger.debug(BaseJdbcLogger.java:143) ]
DEBUG:==>  Preparing: select * from user limit ?,? ; 
2021-04-17 11:24:28 上午 [Thread: main][ Class:com.bian.Dao.UserMapper.getUserByLimit >> Method: org.apache.ibatis.logging.jdbc.BaseJdbcLogger.debug(BaseJdbcLogger.java:143) ]
DEBUG:==> Parameters: 1(Integer), 2(Integer)
2021-04-17 11:24:28 上午 [Thread: main][ Class:com.bian.Dao.UserMapper.getUserByLimit >> Method: org.apache.ibatis.logging.jdbc.BaseJdbcLogger.debug(BaseJdbcLogger.java:143) ]
DEBUG:<==      Total: 2
2021-04-17 11:24:28 上午 [Thread: main][ Class:org.apache.ibatis.transaction.jdbc.JdbcTransaction >> Method: org.apache.ibatis.transaction.jdbc.JdbcTransaction.resetAutoCommit(JdbcTransaction.java:122) ]
DEBUG:Resetting autocommit to true on JDBC Connection [com.mysql.cj.jdbc.ConnectionImpl@60d8c9b7]
2021-04-17 11:24:28 上午 [Thread: main][ Class:org.apache.ibatis.transaction.jdbc.JdbcTransaction >> Method: org.apache.ibatis.transaction.jdbc.JdbcTransaction.close(JdbcTransaction.java:90) ]
DEBUG:Closing JDBC Connection [com.mysql.cj.jdbc.ConnectionImpl@60d8c9b7]
2021-04-17 11:24:28 上午 [Thread: main][ Class:org.apache.ibatis.datasource.pooled.PooledDataSource >> Method: org.apache.ibatis.datasource.pooled.PooledDataSource.pushConnection(PooledDataSource.java:381) ]
DEBUG:Returned connection 1624820151 to pool.
2021-04-17 11:24:45 上午 [Thread: main][ Class:org.apache.ibatis.logging.LogFactory >> Method: org.apache.ibatis.logging.LogFactory.setImplementation(LogFactory.java:105) ]
DEBUG:Logging initialized using 'class org.apache.ibatis.logging.log4j.Log4jImpl' adapter.
2021-04-17 11:24:45 上午 [Thread: main][ Class:org.apache.ibatis.logging.LogFactory >> Method: org.apache.ibatis.logging.LogFactory.setImplementation(LogFactory.java:105) ]
DEBUG:Logging initialized using 'class org.apache.ibatis.logging.log4j.Log4jImpl' adapter.
2021-04-17 11:24:45 上午 [Thread: main][ Class:org.apache.ibatis.datasource.pooled.PooledDataSource >> Method: org.apache.ibatis.datasource.pooled.PooledDataSource.forceCloseAll(PooledDataSource.java:353) ]
DEBUG:PooledDataSource forcefully closed/removed all connections.
2021-04-17 11:24:45 上午 [Thread: main][ Class:org.apache.ibatis.datasource.pooled.PooledDataSource >> Method: org.apache.ibatis.datasource.pooled.PooledDataSource.forceCloseAll(PooledDataSource.java:353) ]
DEBUG:PooledDataSource forcefully closed/removed all connections.
2021-04-17 11:24:45 上午 [Thread: main][ Class:org.apache.ibatis.datasource.pooled.PooledDataSource >> Method: org.apache.ibatis.datasource.pooled.PooledDataSource.forceCloseAll(PooledDataSource.java:353) ]
DEBUG:PooledDataSource forcefully closed/removed all connections.
2021-04-17 11:24:45 上午 [Thread: main][ Class:org.apache.ibatis.datasource.pooled.PooledDataSource >> Method: org.apache.ibatis.datasource.pooled.PooledDataSource.forceCloseAll(PooledDataSource.java:353) ]
DEBUG:PooledDataSource forcefully closed/removed all connections.
2021-04-17 11:24:45 上午 [Thread: main][ Class:org.apache.ibatis.transaction.jdbc.JdbcTransaction >> Method: org.apache.ibatis.transaction.jdbc.JdbcTransaction.openConnection(JdbcTransaction.java:136) ]
DEBUG:Opening JDBC Connection
2021-04-17 11:24:45 上午 [Thread: main][ Class:org.apache.ibatis.datasource.pooled.PooledDataSource >> Method: org.apache.ibatis.datasource.pooled.PooledDataSource.popConnection(PooledDataSource.java:424) ]
DEBUG:Created connection 1624820151.
2021-04-17 11:24:45 上午 [Thread: main][ Class:org.apache.ibatis.transaction.jdbc.JdbcTransaction >> Method: org.apache.ibatis.transaction.jdbc.JdbcTransaction.setDesiredAutoCommit(JdbcTransaction.java:100) ]
DEBUG:Setting autocommit to false on JDBC Connection [com.mysql.cj.jdbc.ConnectionImpl@60d8c9b7]
2021-04-17 11:24:45 上午 [Thread: main][ Class:com.bian.Dao.UserMapper.getUserByLimit >> Method: org.apache.ibatis.logging.jdbc.BaseJdbcLogger.debug(BaseJdbcLogger.java:143) ]
DEBUG:==>  Preparing: select * from user limit ?,? ; 
2021-04-17 11:24:45 上午 [Thread: main][ Class:com.bian.Dao.UserMapper.getUserByLimit >> Method: org.apache.ibatis.logging.jdbc.BaseJdbcLogger.debug(BaseJdbcLogger.java:143) ]
DEBUG:==> Parameters: 2(Integer), 2(Integer)
2021-04-17 11:24:45 上午 [Thread: main][ Class:com.bian.Dao.UserMapper.getUserByLimit >> Method: org.apache.ibatis.logging.jdbc.BaseJdbcLogger.debug(BaseJdbcLogger.java:143) ]
DEBUG:<==      Total: 1
2021-04-17 11:24:45 上午 [Thread: main][ Class:org.apache.ibatis.transaction.jdbc.JdbcTransaction >> Method: org.apache.ibatis.transaction.jdbc.JdbcTransaction.resetAutoCommit(JdbcTransaction.java:122) ]
DEBUG:Resetting autocommit to true on JDBC Connection [com.mysql.cj.jdbc.ConnectionImpl@60d8c9b7]
2021-04-17 11:24:45 上午 [Thread: main][ Class:org.apache.ibatis.transaction.jdbc.JdbcTransaction >> Method: org.apache.ibatis.transaction.jdbc.JdbcTransaction.close(JdbcTransaction.java:90) ]
DEBUG:Closing JDBC Connection [com.mysql.cj.jdbc.ConnectionImpl@60d8c9b7]
2021-04-17 11:24:45 上午 [Thread: main][ Class:org.apache.ibatis.datasource.pooled.PooledDataSource >> Method: org.apache.ibatis.datasource.pooled.PooledDataSource.pushConnection(PooledDataSource.java:381) ]
DEBUG:Returned connection 1624820151 to pool.
2021-04-17 11:25:09 上午 [Thread: main][ Class:com.bian.Dao.UserDaoTest >> Method: com.bian.Dao.UserDaoTest.testLog4j(UserDaoTest.java:29) ]
INFO:info:进入了testLog4j
2021-04-17 11:25:09 上午 [Thread: main][ Class:com.bian.Dao.UserDaoTest >> Method: com.bian.Dao.UserDaoTest.testLog4j(UserDaoTest.java:29) ]
INFO:info:进入了testLog4j
2021-04-17 11:25:10 上午 [Thread: main][ Class:com.bian.Dao.UserDaoTest >> Method: com.bian.Dao.UserDaoTest.testLog4j(UserDaoTest.java:30) ]
DEBUG:debug:进入了testLog4j
2021-04-17 11:25:10 上午 [Thread: main][ Class:com.bian.Dao.UserDaoTest >> Method: com.bian.Dao.UserDaoTest.testLog4j(UserDaoTest.java:31) ]
ERROR:error:进入了testLog4j
2021-04-17 11:25:10 上午 [Thread: main][ Class:com.bian.Dao.UserDaoTest >> Method: com.bian.Dao.UserDaoTest.testLog4j(UserDaoTest.java:31) ]
ERROR:error:进入了testLog4j
2021-04-17 11:25:10 上午 [Thread: main][ Class:com.bian.Dao.UserDaoTest >> Method: com.bian.Dao.UserDaoTest.testLog4j(UserDaoTest.java:31) ]
ERROR:error:进入了testLog4j
2021-04-17 11:25:10 上午 [Thread: main][ Class:com.bian.Dao.UserDaoTest >> Method: com.bian.Dao.UserDaoTest.testLog4j(UserDaoTest.java:31) ]
ERROR:error:进入了testLog4j
2021-04-17 11:25:10 上午 [Thread: main][ Class:org.apache.ibatis.logging.LogFactory >> Method: org.apache.ibatis.logging.LogFactory.setImplementation(LogFactory.java:105) ]
DEBUG:Logging initialized using 'class org.apache.ibatis.logging.log4j.Log4jImpl' adapter.
2021-04-17 11:25:10 上午 [Thread: main][ Class:org.apache.ibatis.logging.LogFactory >> Method: org.apache.ibatis.logging.LogFactory.setImplementation(LogFactory.java:105) ]
DEBUG:Logging initialized using 'class org.apache.ibatis.logging.log4j.Log4jImpl' adapter.
2021-04-17 11:25:10 上午 [Thread: main][ Class:org.apache.ibatis.datasource.pooled.PooledDataSource >> Method: org.apache.ibatis.datasource.pooled.PooledDataSource.forceCloseAll(PooledDataSource.java:353) ]
DEBUG:PooledDataSource forcefully closed/removed all connections.
2021-04-17 11:25:10 上午 [Thread: main][ Class:org.apache.ibatis.datasource.pooled.PooledDataSource >> Method: org.apache.ibatis.datasource.pooled.PooledDataSource.forceCloseAll(PooledDataSource.java:353) ]
DEBUG:PooledDataSource forcefully closed/removed all connections.
2021-04-17 11:25:10 上午 [Thread: main][ Class:org.apache.ibatis.datasource.pooled.PooledDataSource >> Method: org.apache.ibatis.datasource.pooled.PooledDataSource.forceCloseAll(PooledDataSource.java:353) ]
DEBUG:PooledDataSource forcefully closed/removed all connections.
2021-04-17 11:25:10 上午 [Thread: main][ Class:org.apache.ibatis.datasource.pooled.PooledDataSource >> Method: org.apache.ibatis.datasource.pooled.PooledDataSource.forceCloseAll(PooledDataSource.java:353) ]
DEBUG:PooledDataSource forcefully closed/removed all connections.
2021-04-17 11:25:10 上午 [Thread: main][ Class:org.apache.ibatis.transaction.jdbc.JdbcTransaction >> Method: org.apache.ibatis.transaction.jdbc.JdbcTransaction.openConnection(JdbcTransaction.java:136) ]
DEBUG:Opening JDBC Connection
2021-04-17 11:25:11 上午 [Thread: main][ Class:org.apache.ibatis.datasource.pooled.PooledDataSource >> Method: org.apache.ibatis.datasource.pooled.PooledDataSource.popConnection(PooledDataSource.java:424) ]
DEBUG:Created connection 550668305.
2021-04-17 11:25:11 上午 [Thread: main][ Class:org.apache.ibatis.transaction.jdbc.JdbcTransaction >> Method: org.apache.ibatis.transaction.jdbc.JdbcTransaction.setDesiredAutoCommit(JdbcTransaction.java:100) ]
DEBUG:Setting autocommit to false on JDBC Connection [com.mysql.cj.jdbc.ConnectionImpl@20d28811]
2021-04-17 11:25:11 上午 [Thread: main][ Class:com.bian.Dao.UserMapper.getUserByLimit >> Method: org.apache.ibatis.logging.jdbc.BaseJdbcLogger.debug(BaseJdbcLogger.java:143) ]
DEBUG:==>  Preparing: select * from user limit ?,? ; 
2021-04-17 11:25:11 上午 [Thread: main][ Class:com.bian.Dao.UserMapper.getUserByLimit >> Method: org.apache.ibatis.logging.jdbc.BaseJdbcLogger.debug(BaseJdbcLogger.java:143) ]
DEBUG:==> Parameters: 2(Integer), 10(Integer)
2021-04-17 11:25:11 上午 [Thread: main][ Class:com.bian.Dao.UserMapper.getUserByLimit >> Method: org.apache.ibatis.logging.jdbc.BaseJdbcLogger.debug(BaseJdbcLogger.java:143) ]
DEBUG:<==      Total: 1
2021-04-17 11:25:11 上午 [Thread: main][ Class:org.apache.ibatis.transaction.jdbc.JdbcTransaction >> Method: org.apache.ibatis.transaction.jdbc.JdbcTransaction.resetAutoCommit(JdbcTransaction.java:122) ]
DEBUG:Resetting autocommit to true on JDBC Connection [com.mysql.cj.jdbc.ConnectionImpl@20d28811]
2021-04-17 11:25:11 上午 [Thread: main][ Class:org.apache.ibatis.transaction.jdbc.JdbcTransaction >> Method: org.apache.ibatis.transaction.jdbc.JdbcTransaction.close(JdbcTransaction.java:90) ]
DEBUG:Closing JDBC Connection [com.mysql.cj.jdbc.ConnectionImpl@20d28811]
2021-04-17 11:25:11 上午 [Thread: main][ Class:org.apache.ibatis.datasource.pooled.PooledDataSource >> Method: org.apache.ibatis.datasource.pooled.PooledDataSource.pushConnection(PooledDataSource.java:381) ]
DEBUG:Returned connection 550668305 to pool.
2021-04-17 11:25:11 上午 [Thread: main][ Class:com.bian.Dao.UserDaoTest >> Method: com.bian.Dao.UserDaoTest.getUserList(UserDaoTest.java:22) ]
INFO:info:进入了getUserById方法成功
2021-04-17 11:25:11 上午 [Thread: main][ Class:com.bian.Dao.UserDaoTest >> Method: com.bian.Dao.UserDaoTest.getUserList(UserDaoTest.java:22) ]
INFO:info:进入了getUserById方法成功
2021-04-17 11:25:11 上午 [Thread: main][ Class:org.apache.ibatis.transaction.jdbc.JdbcTransaction >> Method: org.apache.ibatis.transaction.jdbc.JdbcTransaction.openConnection(JdbcTransaction.java:136) ]
DEBUG:Opening JDBC Connection
2021-04-17 11:25:11 上午 [Thread: main][ Class:org.apache.ibatis.datasource.pooled.PooledDataSource >> Method: org.apache.ibatis.datasource.pooled.PooledDataSource.popConnection(PooledDataSource.java:416) ]
DEBUG:Checked out connection 550668305 from pool.
2021-04-17 11:25:11 上午 [Thread: main][ Class:org.apache.ibatis.transaction.jdbc.JdbcTransaction >> Method: org.apache.ibatis.transaction.jdbc.JdbcTransaction.setDesiredAutoCommit(JdbcTransaction.java:100) ]
DEBUG:Setting autocommit to false on JDBC Connection [com.mysql.cj.jdbc.ConnectionImpl@20d28811]
2021-04-17 11:25:11 上午 [Thread: main][ Class:com.bian.Dao.UserMapper.getUserById >> Method: org.apache.ibatis.logging.jdbc.BaseJdbcLogger.debug(BaseJdbcLogger.java:143) ]
DEBUG:==>  Preparing: select * from user where id = ? 
2021-04-17 11:25:11 上午 [Thread: main][ Class:com.bian.Dao.UserMapper.getUserById >> Method: org.apache.ibatis.logging.jdbc.BaseJdbcLogger.debug(BaseJdbcLogger.java:143) ]
DEBUG:==> Parameters: 1(Integer)
2021-04-17 11:25:11 上午 [Thread: main][ Class:com.bian.Dao.UserMapper.getUserById >> Method: org.apache.ibatis.logging.jdbc.BaseJdbcLogger.debug(BaseJdbcLogger.java:143) ]
DEBUG:<==      Total: 1
2021-04-17 11:25:11 上午 [Thread: main][ Class:org.apache.ibatis.transaction.jdbc.JdbcTransaction >> Method: org.apache.ibatis.transaction.jdbc.JdbcTransaction.resetAutoCommit(JdbcTransaction.java:122) ]
DEBUG:Resetting autocommit to true on JDBC Connection [com.mysql.cj.jdbc.ConnectionImpl@20d28811]
2021-04-17 11:25:11 上午 [Thread: main][ Class:org.apache.ibatis.transaction.jdbc.JdbcTransaction >> Method: org.apache.ibatis.transaction.jdbc.JdbcTransaction.close(JdbcTransaction.java:90) ]
DEBUG:Closing JDBC Connection [com.mysql.cj.jdbc.ConnectionImpl@20d28811]
2021-04-17 11:25:11 上午 [Thread: main][ Class:org.apache.ibatis.datasource.pooled.PooledDataSource >> Method: org.apache.ibatis.datasource.pooled.PooledDataSource.pushConnection(PooledDataSource.java:381) ]
DEBUG:Returned connection 550668305 to pool.
2021-04-17 11:26:36 上午 [Thread: main][ Class:org.apache.ibatis.logging.LogFactory >> Method: org.apache.ibatis.logging.LogFactory.setImplementation(LogFactory.java:105) ]
DEBUG:Logging initialized using 'class org.apache.ibatis.logging.log4j.Log4jImpl' adapter.
2021-04-17 11:26:36 上午 [Thread: main][ Class:org.apache.ibatis.logging.LogFactory >> Method: org.apache.ibatis.logging.LogFactory.setImplementation(LogFactory.java:105) ]
DEBUG:Logging initialized using 'class org.apache.ibatis.logging.log4j.Log4jImpl' adapter.
2021-04-17 11:26:36 上午 [Thread: main][ Class:org.apache.ibatis.datasource.pooled.PooledDataSource >> Method: org.apache.ibatis.datasource.pooled.PooledDataSource.forceCloseAll(PooledDataSource.java:353) ]
DEBUG:PooledDataSource forcefully closed/removed all connections.
2021-04-17 11:26:36 上午 [Thread: main][ Class:org.apache.ibatis.datasource.pooled.PooledDataSource >> Method: org.apache.ibatis.datasource.pooled.PooledDataSource.forceCloseAll(PooledDataSource.java:353) ]
DEBUG:PooledDataSource forcefully closed/removed all connections.
2021-04-17 11:26:36 上午 [Thread: main][ Class:org.apache.ibatis.datasource.pooled.PooledDataSource >> Method: org.apache.ibatis.datasource.pooled.PooledDataSource.forceCloseAll(PooledDataSource.java:353) ]
DEBUG:PooledDataSource forcefully closed/removed all connections.
2021-04-17 11:26:36 上午 [Thread: main][ Class:org.apache.ibatis.datasource.pooled.PooledDataSource >> Method: org.apache.ibatis.datasource.pooled.PooledDataSource.forceCloseAll(PooledDataSource.java:353) ]
DEBUG:PooledDataSource forcefully closed/removed all connections.
2021-04-17 11:26:36 上午 [Thread: main][ Class:org.apache.ibatis.transaction.jdbc.JdbcTransaction >> Method: org.apache.ibatis.transaction.jdbc.JdbcTransaction.openConnection(JdbcTransaction.java:136) ]
DEBUG:Opening JDBC Connection
2021-04-17 11:26:37 上午 [Thread: main][ Class:org.apache.ibatis.datasource.pooled.PooledDataSource >> Method: org.apache.ibatis.datasource.pooled.PooledDataSource.popConnection(PooledDataSource.java:424) ]
DEBUG:Created connection 1624820151.
2021-04-17 11:26:37 上午 [Thread: main][ Class:org.apache.ibatis.transaction.jdbc.JdbcTransaction >> Method: org.apache.ibatis.transaction.jdbc.JdbcTransaction.setDesiredAutoCommit(JdbcTransaction.java:100) ]
DEBUG:Setting autocommit to false on JDBC Connection [com.mysql.cj.jdbc.ConnectionImpl@60d8c9b7]
2021-04-17 11:26:37 上午 [Thread: main][ Class:com.bian.Dao.UserMapper.getUserByLimit >> Method: org.apache.ibatis.logging.jdbc.BaseJdbcLogger.debug(BaseJdbcLogger.java:143) ]
DEBUG:==>  Preparing: select * from user limit ?,? ; 
2021-04-17 11:26:37 上午 [Thread: main][ Class:com.bian.Dao.UserMapper.getUserByLimit >> Method: org.apache.ibatis.logging.jdbc.BaseJdbcLogger.debug(BaseJdbcLogger.java:143) ]
DEBUG:==> Parameters: 2(Integer), 10(Integer)
2021-04-17 11:26:37 上午 [Thread: main][ Class:com.bian.Dao.UserMapper.getUserByLimit >> Method: org.apache.ibatis.logging.jdbc.BaseJdbcLogger.debug(BaseJdbcLogger.java:143) ]
DEBUG:<==      Total: 1
2021-04-17 11:26:37 上午 [Thread: main][ Class:org.apache.ibatis.transaction.jdbc.JdbcTransaction >> Method: org.apache.ibatis.transaction.jdbc.JdbcTransaction.resetAutoCommit(JdbcTransaction.java:122) ]
DEBUG:Resetting autocommit to true on JDBC Connection [com.mysql.cj.jdbc.ConnectionImpl@60d8c9b7]
2021-04-17 11:26:37 上午 [Thread: main][ Class:org.apache.ibatis.transaction.jdbc.JdbcTransaction >> Method: org.apache.ibatis.transaction.jdbc.JdbcTransaction.close(JdbcTransaction.java:90) ]
DEBUG:Closing JDBC Connection [com.mysql.cj.jdbc.ConnectionImpl@60d8c9b7]
2021-04-17 11:26:37 上午 [Thread: main][ Class:org.apache.ibatis.datasource.pooled.PooledDataSource >> Method: org.apache.ibatis.datasource.pooled.PooledDataSource.pushConnection(PooledDataSource.java:381) ]
DEBUG:Returned connection 1624820151 to pool.
2021-04-17 11:27:00 上午 [Thread: main][ Class:org.apache.ibatis.logging.LogFactory >> Method: org.apache.ibatis.logging.LogFactory.setImplementation(LogFactory.java:105) ]
DEBUG:Logging initialized using 'class org.apache.ibatis.logging.log4j.Log4jImpl' adapter.
2021-04-17 11:27:00 上午 [Thread: main][ Class:org.apache.ibatis.logging.LogFactory >> Method: org.apache.ibatis.logging.LogFactory.setImplementation(LogFactory.java:105) ]
DEBUG:Logging initialized using 'class org.apache.ibatis.logging.log4j.Log4jImpl' adapter.
2021-04-17 11:27:00 上午 [Thread: main][ Class:org.apache.ibatis.datasource.pooled.PooledDataSource >> Method: org.apache.ibatis.datasource.pooled.PooledDataSource.forceCloseAll(PooledDataSource.java:353) ]
DEBUG:PooledDataSource forcefully closed/removed all connections.
2021-04-17 11:27:00 上午 [Thread: main][ Class:org.apache.ibatis.datasource.pooled.PooledDataSource >> Method: org.apache.ibatis.datasource.pooled.PooledDataSource.forceCloseAll(PooledDataSource.java:353) ]
DEBUG:PooledDataSource forcefully closed/removed all connections.
2021-04-17 11:27:00 上午 [Thread: main][ Class:org.apache.ibatis.datasource.pooled.PooledDataSource >> Method: org.apache.ibatis.datasource.pooled.PooledDataSource.forceCloseAll(PooledDataSource.java:353) ]
DEBUG:PooledDataSource forcefully closed/removed all connections.
2021-04-17 11:27:00 上午 [Thread: main][ Class:org.apache.ibatis.datasource.pooled.PooledDataSource >> Method: org.apache.ibatis.datasource.pooled.PooledDataSource.forceCloseAll(PooledDataSource.java:353) ]
DEBUG:PooledDataSource forcefully closed/removed all connections.
2021-04-17 11:27:00 上午 [Thread: main][ Class:org.apache.ibatis.transaction.jdbc.JdbcTransaction >> Method: org.apache.ibatis.transaction.jdbc.JdbcTransaction.openConnection(JdbcTransaction.java:136) ]
DEBUG:Opening JDBC Connection
2021-04-17 11:27:01 上午 [Thread: main][ Class:org.apache.ibatis.datasource.pooled.PooledDataSource >> Method: org.apache.ibatis.datasource.pooled.PooledDataSource.popConnection(PooledDataSource.java:424) ]
DEBUG:Created connection 1624820151.
2021-04-17 11:27:01 上午 [Thread: main][ Class:org.apache.ibatis.transaction.jdbc.JdbcTransaction >> Method: org.apache.ibatis.transaction.jdbc.JdbcTransaction.setDesiredAutoCommit(JdbcTransaction.java:100) ]
DEBUG:Setting autocommit to false on JDBC Connection [com.mysql.cj.jdbc.ConnectionImpl@60d8c9b7]
2021-04-17 11:27:01 上午 [Thread: main][ Class:com.bian.Dao.UserMapper.getUserByLimit >> Method: org.apache.ibatis.logging.jdbc.BaseJdbcLogger.debug(BaseJdbcLogger.java:143) ]
DEBUG:==>  Preparing: select * from user limit ?,? ; 
2021-04-17 11:27:01 上午 [Thread: main][ Class:com.bian.Dao.UserMapper.getUserByLimit >> Method: org.apache.ibatis.logging.jdbc.BaseJdbcLogger.debug(BaseJdbcLogger.java:143) ]
DEBUG:==> Parameters: 0(Integer), 3(Integer)
2021-04-17 11:27:01 上午 [Thread: main][ Class:com.bian.Dao.UserMapper.getUserByLimit >> Method: org.apache.ibatis.logging.jdbc.BaseJdbcLogger.debug(BaseJdbcLogger.java:143) ]
DEBUG:<==      Total: 3
2021-04-17 11:27:01 上午 [Thread: main][ Class:org.apache.ibatis.transaction.jdbc.JdbcTransaction >> Method: org.apache.ibatis.transaction.jdbc.JdbcTransaction.resetAutoCommit(JdbcTransaction.java:122) ]
DEBUG:Resetting autocommit to true on JDBC Connection [com.mysql.cj.jdbc.ConnectionImpl@60d8c9b7]
2021-04-17 11:27:01 上午 [Thread: main][ Class:org.apache.ibatis.transaction.jdbc.JdbcTransaction >> Method: org.apache.ibatis.transaction.jdbc.JdbcTransaction.close(JdbcTransaction.java:90) ]
DEBUG:Closing JDBC Connection [com.mysql.cj.jdbc.ConnectionImpl@60d8c9b7]
2021-04-17 11:27:01 上午 [Thread: main][ Class:org.apache.ibatis.datasource.pooled.PooledDataSource >> Method: org.apache.ibatis.datasource.pooled.PooledDataSource.pushConnection(PooledDataSource.java:381) ]
DEBUG:Returned connection 1624820151 to pool.
2021-04-17 11:47:07 上午 [Thread: main][ Class:org.apache.ibatis.logging.LogFactory >> Method: org.apache.ibatis.logging.LogFactory.setImplementation(LogFactory.java:105) ]
DEBUG:Logging initialized using 'class org.apache.ibatis.logging.log4j.Log4jImpl' adapter.
2021-04-17 11:47:07 上午 [Thread: main][ Class:org.apache.ibatis.logging.LogFactory >> Method: org.apache.ibatis.logging.LogFactory.setImplementation(LogFactory.java:105) ]
DEBUG:Logging initialized using 'class org.apache.ibatis.logging.log4j.Log4jImpl' adapter.
2021-04-17 11:47:07 上午 [Thread: main][ Class:org.apache.ibatis.datasource.pooled.PooledDataSource >> Method: org.apache.ibatis.datasource.pooled.PooledDataSource.forceCloseAll(PooledDataSource.java:353) ]
DEBUG:PooledDataSource forcefully closed/removed all connections.
2021-04-17 11:47:07 上午 [Thread: main][ Class:org.apache.ibatis.datasource.pooled.PooledDataSource >> Method: org.apache.ibatis.datasource.pooled.PooledDataSource.forceCloseAll(PooledDataSource.java:353) ]
DEBUG:PooledDataSource forcefully closed/removed all connections.
2021-04-17 11:47:07 上午 [Thread: main][ Class:org.apache.ibatis.datasource.pooled.PooledDataSource >> Method: org.apache.ibatis.datasource.pooled.PooledDataSource.forceCloseAll(PooledDataSource.java:353) ]
DEBUG:PooledDataSource forcefully closed/removed all connections.
2021-04-17 11:47:08 上午 [Thread: main][ Class:org.apache.ibatis.datasource.pooled.PooledDataSource >> Method: org.apache.ibatis.datasource.pooled.PooledDataSource.forceCloseAll(PooledDataSource.java:353) ]
DEBUG:PooledDataSource forcefully closed/removed all connections.
2021-04-17 11:47:08 上午 [Thread: main][ Class:org.apache.ibatis.transaction.jdbc.JdbcTransaction >> Method: org.apache.ibatis.transaction.jdbc.JdbcTransaction.openConnection(JdbcTransaction.java:136) ]
DEBUG:Opening JDBC Connection
2021-04-17 11:47:08 上午 [Thread: main][ Class:org.apache.ibatis.datasource.pooled.PooledDataSource >> Method: org.apache.ibatis.datasource.pooled.PooledDataSource.popConnection(PooledDataSource.java:424) ]
DEBUG:Created connection 1966250569.
2021-04-17 11:47:08 上午 [Thread: main][ Class:org.apache.ibatis.transaction.jdbc.JdbcTransaction >> Method: org.apache.ibatis.transaction.jdbc.JdbcTransaction.setDesiredAutoCommit(JdbcTransaction.java:100) ]
DEBUG:Setting autocommit to false on JDBC Connection [com.mysql.cj.jdbc.ConnectionImpl@75329a49]
2021-04-17 11:47:08 上午 [Thread: main][ Class:com.bian.Dao.UserMapper.getUserByRowBounds >> Method: org.apache.ibatis.logging.jdbc.BaseJdbcLogger.debug(BaseJdbcLogger.java:143) ]
DEBUG:==>  Preparing: select * from user; 
2021-04-17 11:47:08 上午 [Thread: main][ Class:com.bian.Dao.UserMapper.getUserByRowBounds >> Method: org.apache.ibatis.logging.jdbc.BaseJdbcLogger.debug(BaseJdbcLogger.java:143) ]
DEBUG:==> Parameters: 
2021-04-17 11:47:08 上午 [Thread: main][ Class:org.apache.ibatis.transaction.jdbc.JdbcTransaction >> Method: org.apache.ibatis.transaction.jdbc.JdbcTransaction.resetAutoCommit(JdbcTransaction.java:122) ]
DEBUG:Resetting autocommit to true on JDBC Connection [com.mysql.cj.jdbc.ConnectionImpl@75329a49]
2021-04-17 11:47:08 上午 [Thread: main][ Class:org.apache.ibatis.transaction.jdbc.JdbcTransaction >> Method: org.apache.ibatis.transaction.jdbc.JdbcTransaction.close(JdbcTransaction.java:90) ]
DEBUG:Closing JDBC Connection [com.mysql.cj.jdbc.ConnectionImpl@75329a49]
2021-04-17 11:47:08 上午 [Thread: main][ Class:org.apache.ibatis.datasource.pooled.PooledDataSource >> Method: org.apache.ibatis.datasource.pooled.PooledDataSource.pushConnection(PooledDataSource.java:381) ]
DEBUG:Returned connection 1966250569 to pool.
2021-04-17 11:48:09 上午 [Thread: main][ Class:org.apache.ibatis.logging.LogFactory >> Method: org.apache.ibatis.logging.LogFactory.setImplementation(LogFactory.java:105) ]
DEBUG:Logging initialized using 'class org.apache.ibatis.logging.log4j.Log4jImpl' adapter.
2021-04-17 11:48:09 上午 [Thread: main][ Class:org.apache.ibatis.logging.LogFactory >> Method: org.apache.ibatis.logging.LogFactory.setImplementation(LogFactory.java:105) ]
DEBUG:Logging initialized using 'class org.apache.ibatis.logging.log4j.Log4jImpl' adapter.
2021-04-17 11:48:09 上午 [Thread: main][ Class:org.apache.ibatis.datasource.pooled.PooledDataSource >> Method: org.apache.ibatis.datasource.pooled.PooledDataSource.forceCloseAll(PooledDataSource.java:353) ]
DEBUG:PooledDataSource forcefully closed/removed all connections.
2021-04-17 11:48:09 上午 [Thread: main][ Class:org.apache.ibatis.datasource.pooled.PooledDataSource >> Method: org.apache.ibatis.datasource.pooled.PooledDataSource.forceCloseAll(PooledDataSource.java:353) ]
DEBUG:PooledDataSource forcefully closed/removed all connections.
2021-04-17 11:48:09 上午 [Thread: main][ Class:org.apache.ibatis.datasource.pooled.PooledDataSource >> Method: org.apache.ibatis.datasource.pooled.PooledDataSource.forceCloseAll(PooledDataSource.java:353) ]
DEBUG:PooledDataSource forcefully closed/removed all connections.
2021-04-17 11:48:09 上午 [Thread: main][ Class:org.apache.ibatis.datasource.pooled.PooledDataSource >> Method: org.apache.ibatis.datasource.pooled.PooledDataSource.forceCloseAll(PooledDataSource.java:353) ]
DEBUG:PooledDataSource forcefully closed/removed all connections.
2021-04-17 11:48:10 上午 [Thread: main][ Class:org.apache.ibatis.transaction.jdbc.JdbcTransaction >> Method: org.apache.ibatis.transaction.jdbc.JdbcTransaction.openConnection(JdbcTransaction.java:136) ]
DEBUG:Opening JDBC Connection
2021-04-17 11:48:10 上午 [Thread: main][ Class:org.apache.ibatis.datasource.pooled.PooledDataSource >> Method: org.apache.ibatis.datasource.pooled.PooledDataSource.popConnection(PooledDataSource.java:424) ]
DEBUG:Created connection 1966250569.
2021-04-17 11:48:10 上午 [Thread: main][ Class:org.apache.ibatis.transaction.jdbc.JdbcTransaction >> Method: org.apache.ibatis.transaction.jdbc.JdbcTransaction.setDesiredAutoCommit(JdbcTransaction.java:100) ]
DEBUG:Setting autocommit to false on JDBC Connection [com.mysql.cj.jdbc.ConnectionImpl@75329a49]
2021-04-17 11:48:10 上午 [Thread: main][ Class:com.bian.Dao.UserMapper.getUserByRowBounds >> Method: org.apache.ibatis.logging.jdbc.BaseJdbcLogger.debug(BaseJdbcLogger.java:143) ]
DEBUG:==>  Preparing: select * from user; 
2021-04-17 11:48:10 上午 [Thread: main][ Class:com.bian.Dao.UserMapper.getUserByRowBounds >> Method: org.apache.ibatis.logging.jdbc.BaseJdbcLogger.debug(BaseJdbcLogger.java:143) ]
DEBUG:==> Parameters: 
2021-04-17 11:48:10 上午 [Thread: main][ Class:org.apache.ibatis.transaction.jdbc.JdbcTransaction >> Method: org.apache.ibatis.transaction.jdbc.JdbcTransaction.resetAutoCommit(JdbcTransaction.java:122) ]
DEBUG:Resetting autocommit to true on JDBC Connection [com.mysql.cj.jdbc.ConnectionImpl@75329a49]
2021-04-17 11:48:10 上午 [Thread: main][ Class:org.apache.ibatis.transaction.jdbc.JdbcTransaction >> Method: org.apache.ibatis.transaction.jdbc.JdbcTransaction.close(JdbcTransaction.java:90) ]
DEBUG:Closing JDBC Connection [com.mysql.cj.jdbc.ConnectionImpl@75329a49]
2021-04-17 11:48:10 上午 [Thread: main][ Class:org.apache.ibatis.datasource.pooled.PooledDataSource >> Method: org.apache.ibatis.datasource.pooled.PooledDataSource.pushConnection(PooledDataSource.java:381) ]
DEBUG:Returned connection 1966250569 to pool.
2021-04-18 20:10:38 下午 [Thread: main][ Class:com.bian.Dao.UserDaoTest >> Method: com.bian.Dao.UserDaoTest.testLog4j(UserDaoTest.java:31) ]
INFO:info:进入了testLog4j
2021-04-18 20:10:38 下午 [Thread: main][ Class:com.bian.Dao.UserDaoTest >> Method: com.bian.Dao.UserDaoTest.testLog4j(UserDaoTest.java:31) ]
INFO:info:进入了testLog4j
2021-04-18 20:10:38 下午 [Thread: main][ Class:com.bian.Dao.UserDaoTest >> Method: com.bian.Dao.UserDaoTest.testLog4j(UserDaoTest.java:32) ]
DEBUG:debug:进入了testLog4j
2021-04-18 20:10:38 下午 [Thread: main][ Class:com.bian.Dao.UserDaoTest >> Method: com.bian.Dao.UserDaoTest.testLog4j(UserDaoTest.java:33) ]
ERROR:error:进入了testLog4j
2021-04-18 20:10:38 下午 [Thread: main][ Class:com.bian.Dao.UserDaoTest >> Method: com.bian.Dao.UserDaoTest.testLog4j(UserDaoTest.java:33) ]
ERROR:error:进入了testLog4j
2021-04-18 20:10:38 下午 [Thread: main][ Class:com.bian.Dao.UserDaoTest >> Method: com.bian.Dao.UserDaoTest.testLog4j(UserDaoTest.java:33) ]
ERROR:error:进入了testLog4j
2021-04-18 20:10:38 下午 [Thread: main][ Class:com.bian.Dao.UserDaoTest >> Method: com.bian.Dao.UserDaoTest.testLog4j(UserDaoTest.java:33) ]
ERROR:error:进入了testLog4j
2021-04-18 20:11:11 下午 [Thread: main][ Class:org.apache.ibatis.logging.LogFactory >> Method: org.apache.ibatis.logging.LogFactory.setImplementation(LogFactory.java:105) ]
DEBUG:Logging initialized using 'class org.apache.ibatis.logging.log4j.Log4jImpl' adapter.
2021-04-18 20:11:11 下午 [Thread: main][ Class:org.apache.ibatis.logging.LogFactory >> Method: org.apache.ibatis.logging.LogFactory.setImplementation(LogFactory.java:105) ]
DEBUG:Logging initialized using 'class org.apache.ibatis.logging.log4j.Log4jImpl' adapter.
2021-04-18 20:11:11 下午 [Thread: main][ Class:org.apache.ibatis.datasource.pooled.PooledDataSource >> Method: org.apache.ibatis.datasource.pooled.PooledDataSource.forceCloseAll(PooledDataSource.java:353) ]
DEBUG:PooledDataSource forcefully closed/removed all connections.
2021-04-18 20:11:11 下午 [Thread: main][ Class:org.apache.ibatis.datasource.pooled.PooledDataSource >> Method: org.apache.ibatis.datasource.pooled.PooledDataSource.forceCloseAll(PooledDataSource.java:353) ]
DEBUG:PooledDataSource forcefully closed/removed all connections.
2021-04-18 20:11:11 下午 [Thread: main][ Class:org.apache.ibatis.datasource.pooled.PooledDataSource >> Method: org.apache.ibatis.datasource.pooled.PooledDataSource.forceCloseAll(PooledDataSource.java:353) ]
DEBUG:PooledDataSource forcefully closed/removed all connections.
2021-04-18 20:11:11 下午 [Thread: main][ Class:org.apache.ibatis.datasource.pooled.PooledDataSource >> Method: org.apache.ibatis.datasource.pooled.PooledDataSource.forceCloseAll(PooledDataSource.java:353) ]
DEBUG:PooledDataSource forcefully closed/removed all connections.
2021-04-18 20:11:11 下午 [Thread: main][ Class:org.apache.ibatis.transaction.jdbc.JdbcTransaction >> Method: org.apache.ibatis.transaction.jdbc.JdbcTransaction.openConnection(JdbcTransaction.java:136) ]
DEBUG:Opening JDBC Connection
2021-04-18 20:11:11 下午 [Thread: main][ Class:org.apache.ibatis.datasource.pooled.PooledDataSource >> Method: org.apache.ibatis.datasource.pooled.PooledDataSource.popConnection(PooledDataSource.java:424) ]
DEBUG:Created connection 1624820151.
2021-04-18 20:11:11 下午 [Thread: main][ Class:org.apache.ibatis.transaction.jdbc.JdbcTransaction >> Method: org.apache.ibatis.transaction.jdbc.JdbcTransaction.setDesiredAutoCommit(JdbcTransaction.java:100) ]
DEBUG:Setting autocommit to false on JDBC Connection [com.mysql.cj.jdbc.ConnectionImpl@60d8c9b7]
2021-04-18 20:11:11 下午 [Thread: main][ Class:com.bian.Dao.UserMapper.getUserByLimit >> Method: org.apache.ibatis.logging.jdbc.BaseJdbcLogger.debug(BaseJdbcLogger.java:143) ]
DEBUG:==>  Preparing: select * from user limit ?,? ; 
2021-04-18 20:11:11 下午 [Thread: main][ Class:com.bian.Dao.UserMapper.getUserByLimit >> Method: org.apache.ibatis.logging.jdbc.BaseJdbcLogger.debug(BaseJdbcLogger.java:143) ]
DEBUG:==> Parameters: 0(Integer), 3(Integer)
2021-04-18 20:11:11 下午 [Thread: main][ Class:com.bian.Dao.UserMapper.getUserByLimit >> Method: org.apache.ibatis.logging.jdbc.BaseJdbcLogger.debug(BaseJdbcLogger.java:143) ]
DEBUG:<==      Total: 3
2021-04-18 20:11:11 下午 [Thread: main][ Class:org.apache.ibatis.transaction.jdbc.JdbcTransaction >> Method: org.apache.ibatis.transaction.jdbc.JdbcTransaction.resetAutoCommit(JdbcTransaction.java:122) ]
DEBUG:Resetting autocommit to true on JDBC Connection [com.mysql.cj.jdbc.ConnectionImpl@60d8c9b7]
2021-04-18 20:11:11 下午 [Thread: main][ Class:org.apache.ibatis.transaction.jdbc.JdbcTransaction >> Method: org.apache.ibatis.transaction.jdbc.JdbcTransaction.close(JdbcTransaction.java:90) ]
DEBUG:Closing JDBC Connection [com.mysql.cj.jdbc.ConnectionImpl@60d8c9b7]
2021-04-18 20:11:11 下午 [Thread: main][ Class:org.apache.ibatis.datasource.pooled.PooledDataSource >> Method: org.apache.ibatis.datasource.pooled.PooledDataSource.pushConnection(PooledDataSource.java:381) ]
DEBUG:Returned connection 1624820151 to pool.
