2021-04-18 20:01:07 下午 [Thread: main][ Class:org.apache.ibatis.logging.LogFactory >> Method: org.apache.ibatis.logging.LogFactory.setImplementation(LogFactory.java:105) ]
DEBUG:Logging initialized using 'class org.apache.ibatis.logging.log4j.Log4jImpl' adapter.
2021-04-18 20:01:07 下午 [Thread: main][ Class:org.apache.ibatis.logging.LogFactory >> Method: org.apache.ibatis.logging.LogFactory.setImplementation(LogFactory.java:105) ]
DEBUG:Logging initialized using 'class org.apache.ibatis.logging.log4j.Log4jImpl' adapter.
2021-04-18 20:03:16 下午 [Thread: main][ Class:org.apache.ibatis.logging.LogFactory >> Method: org.apache.ibatis.logging.LogFactory.setImplementation(LogFactory.java:105) ]
DEBUG:Logging initialized using 'class org.apache.ibatis.logging.log4j.Log4jImpl' adapter.
2021-04-18 20:03:16 下午 [Thread: main][ Class:org.apache.ibatis.logging.LogFactory >> Method: org.apache.ibatis.logging.LogFactory.setImplementation(LogFactory.java:105) ]
DEBUG:Logging initialized using 'class org.apache.ibatis.logging.log4j.Log4jImpl' adapter.
2021-04-18 20:03:16 下午 [Thread: main][ Class:org.apache.ibatis.datasource.pooled.PooledDataSource >> Method: org.apache.ibatis.datasource.pooled.PooledDataSource.forceCloseAll(PooledDataSource.java:353) ]
DEBUG:PooledDataSource forcefully closed/removed all connections.
2021-04-18 20:03:16 下午 [Thread: main][ Class:org.apache.ibatis.datasource.pooled.PooledDataSource >> Method: org.apache.ibatis.datasource.pooled.PooledDataSource.forceCloseAll(PooledDataSource.java:353) ]
DEBUG:PooledDataSource forcefully closed/removed all connections.
2021-04-18 20:03:16 下午 [Thread: main][ Class:org.apache.ibatis.datasource.pooled.PooledDataSource >> Method: org.apache.ibatis.datasource.pooled.PooledDataSource.forceCloseAll(PooledDataSource.java:353) ]
DEBUG:PooledDataSource forcefully closed/removed all connections.
2021-04-18 20:03:16 下午 [Thread: main][ Class:org.apache.ibatis.datasource.pooled.PooledDataSource >> Method: org.apache.ibatis.datasource.pooled.PooledDataSource.forceCloseAll(PooledDataSource.java:353) ]
DEBUG:PooledDataSource forcefully closed/removed all connections.
2021-04-18 20:03:16 下午 [Thread: main][ Class:org.apache.ibatis.transaction.jdbc.JdbcTransaction >> Method: org.apache.ibatis.transaction.jdbc.JdbcTransaction.openConnection(JdbcTransaction.java:136) ]
DEBUG:Opening JDBC Connection
2021-04-18 20:03:17 下午 [Thread: main][ Class:org.apache.ibatis.datasource.pooled.PooledDataSource >> Method: org.apache.ibatis.datasource.pooled.PooledDataSource.popConnection(PooledDataSource.java:424) ]
DEBUG:Created connection 1076770748.
2021-04-18 20:03:17 下午 [Thread: main][ Class:org.apache.ibatis.transaction.jdbc.JdbcTransaction >> Method: org.apache.ibatis.transaction.jdbc.JdbcTransaction.setDesiredAutoCommit(JdbcTransaction.java:100) ]
DEBUG:Setting autocommit to false on JDBC Connection [com.mysql.cj.jdbc.ConnectionImpl@402e37bc]
2021-04-18 20:03:17 下午 [Thread: main][ Class:com.bian.Dao.studentMapper.getStudents >> Method: org.apache.ibatis.logging.jdbc.BaseJdbcLogger.debug(BaseJdbcLogger.java:143) ]
DEBUG:==>  Preparing: select * from student 
2021-04-18 20:03:17 下午 [Thread: main][ Class:com.bian.Dao.studentMapper.getStudents >> Method: org.apache.ibatis.logging.jdbc.BaseJdbcLogger.debug(BaseJdbcLogger.java:143) ]
DEBUG:==> Parameters: 
2021-04-18 20:03:17 下午 [Thread: main][ Class:com.bian.Dao.studentMapper.getStudents >> Method: org.apache.ibatis.logging.jdbc.BaseJdbcLogger.debug(BaseJdbcLogger.java:143) ]
DEBUG:<==      Total: 3
2021-04-18 20:03:17 下午 [Thread: main][ Class:org.apache.ibatis.transaction.jdbc.JdbcTransaction >> Method: org.apache.ibatis.transaction.jdbc.JdbcTransaction.resetAutoCommit(JdbcTransaction.java:122) ]
DEBUG:Resetting autocommit to true on JDBC Connection [com.mysql.cj.jdbc.ConnectionImpl@402e37bc]
2021-04-18 20:03:17 下午 [Thread: main][ Class:org.apache.ibatis.transaction.jdbc.JdbcTransaction >> Method: org.apache.ibatis.transaction.jdbc.JdbcTransaction.close(JdbcTransaction.java:90) ]
DEBUG:Closing JDBC Connection [com.mysql.cj.jdbc.ConnectionImpl@402e37bc]
2021-04-18 20:03:17 下午 [Thread: main][ Class:org.apache.ibatis.datasource.pooled.PooledDataSource >> Method: org.apache.ibatis.datasource.pooled.PooledDataSource.pushConnection(PooledDataSource.java:381) ]
DEBUG:Returned connection 1076770748 to pool.
2021-04-18 20:03:58 下午 [Thread: main][ Class:org.apache.ibatis.logging.LogFactory >> Method: org.apache.ibatis.logging.LogFactory.setImplementation(LogFactory.java:105) ]
DEBUG:Logging initialized using 'class org.apache.ibatis.logging.log4j.Log4jImpl' adapter.
2021-04-18 20:03:58 下午 [Thread: main][ Class:org.apache.ibatis.logging.LogFactory >> Method: org.apache.ibatis.logging.LogFactory.setImplementation(LogFactory.java:105) ]
DEBUG:Logging initialized using 'class org.apache.ibatis.logging.log4j.Log4jImpl' adapter.
2021-04-18 20:03:58 下午 [Thread: main][ Class:org.apache.ibatis.datasource.pooled.PooledDataSource >> Method: org.apache.ibatis.datasource.pooled.PooledDataSource.forceCloseAll(PooledDataSource.java:353) ]
DEBUG:PooledDataSource forcefully closed/removed all connections.
2021-04-18 20:03:58 下午 [Thread: main][ Class:org.apache.ibatis.datasource.pooled.PooledDataSource >> Method: org.apache.ibatis.datasource.pooled.PooledDataSource.forceCloseAll(PooledDataSource.java:353) ]
DEBUG:PooledDataSource forcefully closed/removed all connections.
2021-04-18 20:03:58 下午 [Thread: main][ Class:org.apache.ibatis.datasource.pooled.PooledDataSource >> Method: org.apache.ibatis.datasource.pooled.PooledDataSource.forceCloseAll(PooledDataSource.java:353) ]
DEBUG:PooledDataSource forcefully closed/removed all connections.
2021-04-18 20:03:58 下午 [Thread: main][ Class:org.apache.ibatis.datasource.pooled.PooledDataSource >> Method: org.apache.ibatis.datasource.pooled.PooledDataSource.forceCloseAll(PooledDataSource.java:353) ]
DEBUG:PooledDataSource forcefully closed/removed all connections.
2021-04-18 20:03:58 下午 [Thread: main][ Class:org.apache.ibatis.transaction.jdbc.JdbcTransaction >> Method: org.apache.ibatis.transaction.jdbc.JdbcTransaction.openConnection(JdbcTransaction.java:136) ]
DEBUG:Opening JDBC Connection
2021-04-18 20:03:58 下午 [Thread: main][ Class:org.apache.ibatis.datasource.pooled.PooledDataSource >> Method: org.apache.ibatis.datasource.pooled.PooledDataSource.popConnection(PooledDataSource.java:424) ]
DEBUG:Created connection 1076770748.
2021-04-18 20:03:58 下午 [Thread: main][ Class:org.apache.ibatis.transaction.jdbc.JdbcTransaction >> Method: org.apache.ibatis.transaction.jdbc.JdbcTransaction.setDesiredAutoCommit(JdbcTransaction.java:100) ]
DEBUG:Setting autocommit to false on JDBC Connection [com.mysql.cj.jdbc.ConnectionImpl@402e37bc]
2021-04-18 20:03:58 下午 [Thread: main][ Class:com.bian.Dao.studentMapper.getStudents >> Method: org.apache.ibatis.logging.jdbc.BaseJdbcLogger.debug(BaseJdbcLogger.java:143) ]
DEBUG:==>  Preparing: select * from student 
2021-04-18 20:03:58 下午 [Thread: main][ Class:com.bian.Dao.studentMapper.getStudents >> Method: org.apache.ibatis.logging.jdbc.BaseJdbcLogger.debug(BaseJdbcLogger.java:143) ]
DEBUG:==> Parameters: 
2021-04-18 20:03:58 下午 [Thread: main][ Class:com.bian.Dao.studentMapper.getStudents >> Method: org.apache.ibatis.logging.jdbc.BaseJdbcLogger.debug(BaseJdbcLogger.java:143) ]
DEBUG:<==      Total: 3
2021-04-18 20:03:58 下午 [Thread: main][ Class:org.apache.ibatis.transaction.jdbc.JdbcTransaction >> Method: org.apache.ibatis.transaction.jdbc.JdbcTransaction.resetAutoCommit(JdbcTransaction.java:122) ]
DEBUG:Resetting autocommit to true on JDBC Connection [com.mysql.cj.jdbc.ConnectionImpl@402e37bc]
2021-04-18 20:03:58 下午 [Thread: main][ Class:org.apache.ibatis.transaction.jdbc.JdbcTransaction >> Method: org.apache.ibatis.transaction.jdbc.JdbcTransaction.close(JdbcTransaction.java:90) ]
DEBUG:Closing JDBC Connection [com.mysql.cj.jdbc.ConnectionImpl@402e37bc]
2021-04-18 20:03:58 下午 [Thread: main][ Class:org.apache.ibatis.datasource.pooled.PooledDataSource >> Method: org.apache.ibatis.datasource.pooled.PooledDataSource.pushConnection(PooledDataSource.java:381) ]
DEBUG:Returned connection 1076770748 to pool.
2021-04-18 20:08:49 下午 [Thread: main][ Class:org.apache.ibatis.logging.LogFactory >> Method: org.apache.ibatis.logging.LogFactory.setImplementation(LogFactory.java:105) ]
DEBUG:Logging initialized using 'class org.apache.ibatis.logging.log4j.Log4jImpl' adapter.
2021-04-18 20:08:49 下午 [Thread: main][ Class:org.apache.ibatis.logging.LogFactory >> Method: org.apache.ibatis.logging.LogFactory.setImplementation(LogFactory.java:105) ]
DEBUG:Logging initialized using 'class org.apache.ibatis.logging.log4j.Log4jImpl' adapter.
2021-04-18 20:08:49 下午 [Thread: main][ Class:org.apache.ibatis.datasource.pooled.PooledDataSource >> Method: org.apache.ibatis.datasource.pooled.PooledDataSource.forceCloseAll(PooledDataSource.java:353) ]
DEBUG:PooledDataSource forcefully closed/removed all connections.
2021-04-18 20:08:49 下午 [Thread: main][ Class:org.apache.ibatis.datasource.pooled.PooledDataSource >> Method: org.apache.ibatis.datasource.pooled.PooledDataSource.forceCloseAll(PooledDataSource.java:353) ]
DEBUG:PooledDataSource forcefully closed/removed all connections.
2021-04-18 20:08:49 下午 [Thread: main][ Class:org.apache.ibatis.datasource.pooled.PooledDataSource >> Method: org.apache.ibatis.datasource.pooled.PooledDataSource.forceCloseAll(PooledDataSource.java:353) ]
DEBUG:PooledDataSource forcefully closed/removed all connections.
2021-04-18 20:08:49 下午 [Thread: main][ Class:org.apache.ibatis.datasource.pooled.PooledDataSource >> Method: org.apache.ibatis.datasource.pooled.PooledDataSource.forceCloseAll(PooledDataSource.java:353) ]
DEBUG:PooledDataSource forcefully closed/removed all connections.
2021-04-18 20:08:49 下午 [Thread: main][ Class:org.apache.ibatis.transaction.jdbc.JdbcTransaction >> Method: org.apache.ibatis.transaction.jdbc.JdbcTransaction.openConnection(JdbcTransaction.java:136) ]
DEBUG:Opening JDBC Connection
2021-04-18 20:08:49 下午 [Thread: main][ Class:org.apache.ibatis.datasource.pooled.PooledDataSource >> Method: org.apache.ibatis.datasource.pooled.PooledDataSource.popConnection(PooledDataSource.java:424) ]
DEBUG:Created connection 1076770748.
2021-04-18 20:08:49 下午 [Thread: main][ Class:org.apache.ibatis.transaction.jdbc.JdbcTransaction >> Method: org.apache.ibatis.transaction.jdbc.JdbcTransaction.setDesiredAutoCommit(JdbcTransaction.java:100) ]
DEBUG:Setting autocommit to false on JDBC Connection [com.mysql.cj.jdbc.ConnectionImpl@402e37bc]
2021-04-18 20:08:49 下午 [Thread: main][ Class:com.bian.Dao.studentMapper.getStudents >> Method: org.apache.ibatis.logging.jdbc.BaseJdbcLogger.debug(BaseJdbcLogger.java:143) ]
DEBUG:==>  Preparing: select * from student 
2021-04-18 20:08:50 下午 [Thread: main][ Class:com.bian.Dao.studentMapper.getStudents >> Method: org.apache.ibatis.logging.jdbc.BaseJdbcLogger.debug(BaseJdbcLogger.java:143) ]
DEBUG:==> Parameters: 
2021-04-18 20:08:50 下午 [Thread: main][ Class:com.bian.Dao.studentMapper.getStudents >> Method: org.apache.ibatis.logging.jdbc.BaseJdbcLogger.debug(BaseJdbcLogger.java:143) ]
DEBUG:<==      Total: 3
2021-04-18 20:08:50 下午 [Thread: main][ Class:org.apache.ibatis.transaction.jdbc.JdbcTransaction >> Method: org.apache.ibatis.transaction.jdbc.JdbcTransaction.resetAutoCommit(JdbcTransaction.java:122) ]
DEBUG:Resetting autocommit to true on JDBC Connection [com.mysql.cj.jdbc.ConnectionImpl@402e37bc]
2021-04-18 20:08:50 下午 [Thread: main][ Class:org.apache.ibatis.transaction.jdbc.JdbcTransaction >> Method: org.apache.ibatis.transaction.jdbc.JdbcTransaction.close(JdbcTransaction.java:90) ]
DEBUG:Closing JDBC Connection [com.mysql.cj.jdbc.ConnectionImpl@402e37bc]
2021-04-18 20:08:50 下午 [Thread: main][ Class:org.apache.ibatis.datasource.pooled.PooledDataSource >> Method: org.apache.ibatis.datasource.pooled.PooledDataSource.pushConnection(PooledDataSource.java:381) ]
DEBUG:Returned connection 1076770748 to pool.
2021-04-18 20:09:22 下午 [Thread: main][ Class:org.apache.ibatis.logging.LogFactory >> Method: org.apache.ibatis.logging.LogFactory.setImplementation(LogFactory.java:105) ]
DEBUG:Logging initialized using 'class org.apache.ibatis.logging.log4j.Log4jImpl' adapter.
2021-04-18 20:09:22 下午 [Thread: main][ Class:org.apache.ibatis.logging.LogFactory >> Method: org.apache.ibatis.logging.LogFactory.setImplementation(LogFactory.java:105) ]
DEBUG:Logging initialized using 'class org.apache.ibatis.logging.log4j.Log4jImpl' adapter.
2021-04-18 20:09:22 下午 [Thread: main][ Class:org.apache.ibatis.datasource.pooled.PooledDataSource >> Method: org.apache.ibatis.datasource.pooled.PooledDataSource.forceCloseAll(PooledDataSource.java:353) ]
DEBUG:PooledDataSource forcefully closed/removed all connections.
2021-04-18 20:09:22 下午 [Thread: main][ Class:org.apache.ibatis.datasource.pooled.PooledDataSource >> Method: org.apache.ibatis.datasource.pooled.PooledDataSource.forceCloseAll(PooledDataSource.java:353) ]
DEBUG:PooledDataSource forcefully closed/removed all connections.
2021-04-18 20:09:22 下午 [Thread: main][ Class:org.apache.ibatis.datasource.pooled.PooledDataSource >> Method: org.apache.ibatis.datasource.pooled.PooledDataSource.forceCloseAll(PooledDataSource.java:353) ]
DEBUG:PooledDataSource forcefully closed/removed all connections.
2021-04-18 20:09:22 下午 [Thread: main][ Class:org.apache.ibatis.datasource.pooled.PooledDataSource >> Method: org.apache.ibatis.datasource.pooled.PooledDataSource.forceCloseAll(PooledDataSource.java:353) ]
DEBUG:PooledDataSource forcefully closed/removed all connections.
2021-04-18 20:09:22 下午 [Thread: main][ Class:com.bian.Dao.studentMapperTest >> Method: com.bian.Dao.studentMapperTest.getStudent(studentMapperTest.java:21) ]
INFO:info:进入了testLog4j
2021-04-18 20:09:22 下午 [Thread: main][ Class:com.bian.Dao.studentMapperTest >> Method: com.bian.Dao.studentMapperTest.getStudent(studentMapperTest.java:21) ]
INFO:info:进入了testLog4j
2021-04-18 20:09:22 下午 [Thread: main][ Class:org.apache.ibatis.transaction.jdbc.JdbcTransaction >> Method: org.apache.ibatis.transaction.jdbc.JdbcTransaction.openConnection(JdbcTransaction.java:136) ]
DEBUG:Opening JDBC Connection
2021-04-18 20:09:22 下午 [Thread: main][ Class:org.apache.ibatis.datasource.pooled.PooledDataSource >> Method: org.apache.ibatis.datasource.pooled.PooledDataSource.popConnection(PooledDataSource.java:424) ]
DEBUG:Created connection 282821294.
2021-04-18 20:09:22 下午 [Thread: main][ Class:org.apache.ibatis.transaction.jdbc.JdbcTransaction >> Method: org.apache.ibatis.transaction.jdbc.JdbcTransaction.setDesiredAutoCommit(JdbcTransaction.java:100) ]
DEBUG:Setting autocommit to false on JDBC Connection [com.mysql.cj.jdbc.ConnectionImpl@10db82ae]
2021-04-18 20:09:22 下午 [Thread: main][ Class:com.bian.Dao.studentMapper.getStudents >> Method: org.apache.ibatis.logging.jdbc.BaseJdbcLogger.debug(BaseJdbcLogger.java:143) ]
DEBUG:==>  Preparing: select * from student 
2021-04-18 20:09:23 下午 [Thread: main][ Class:com.bian.Dao.studentMapper.getStudents >> Method: org.apache.ibatis.logging.jdbc.BaseJdbcLogger.debug(BaseJdbcLogger.java:143) ]
DEBUG:==> Parameters: 
2021-04-18 20:09:23 下午 [Thread: main][ Class:com.bian.Dao.studentMapper.getStudents >> Method: org.apache.ibatis.logging.jdbc.BaseJdbcLogger.debug(BaseJdbcLogger.java:143) ]
DEBUG:<==      Total: 3
2021-04-18 20:09:23 下午 [Thread: main][ Class:org.apache.ibatis.transaction.jdbc.JdbcTransaction >> Method: org.apache.ibatis.transaction.jdbc.JdbcTransaction.resetAutoCommit(JdbcTransaction.java:122) ]
DEBUG:Resetting autocommit to true on JDBC Connection [com.mysql.cj.jdbc.ConnectionImpl@10db82ae]
2021-04-18 20:09:23 下午 [Thread: main][ Class:org.apache.ibatis.transaction.jdbc.JdbcTransaction >> Method: org.apache.ibatis.transaction.jdbc.JdbcTransaction.close(JdbcTransaction.java:90) ]
DEBUG:Closing JDBC Connection [com.mysql.cj.jdbc.ConnectionImpl@10db82ae]
2021-04-18 20:09:23 下午 [Thread: main][ Class:org.apache.ibatis.datasource.pooled.PooledDataSource >> Method: org.apache.ibatis.datasource.pooled.PooledDataSource.pushConnection(PooledDataSource.java:381) ]
DEBUG:Returned connection 282821294 to pool.
2021-04-18 20:41:17 下午 [Thread: main][ Class:org.apache.ibatis.logging.LogFactory >> Method: org.apache.ibatis.logging.LogFactory.setImplementation(LogFactory.java:105) ]
DEBUG:Logging initialized using 'class org.apache.ibatis.logging.log4j.Log4jImpl' adapter.
2021-04-18 20:41:17 下午 [Thread: main][ Class:org.apache.ibatis.logging.LogFactory >> Method: org.apache.ibatis.logging.LogFactory.setImplementation(LogFactory.java:105) ]
DEBUG:Logging initialized using 'class org.apache.ibatis.logging.log4j.Log4jImpl' adapter.
2021-04-18 20:41:17 下午 [Thread: main][ Class:org.apache.ibatis.datasource.pooled.PooledDataSource >> Method: org.apache.ibatis.datasource.pooled.PooledDataSource.forceCloseAll(PooledDataSource.java:353) ]
DEBUG:PooledDataSource forcefully closed/removed all connections.
2021-04-18 20:41:17 下午 [Thread: main][ Class:org.apache.ibatis.datasource.pooled.PooledDataSource >> Method: org.apache.ibatis.datasource.pooled.PooledDataSource.forceCloseAll(PooledDataSource.java:353) ]
DEBUG:PooledDataSource forcefully closed/removed all connections.
2021-04-18 20:41:17 下午 [Thread: main][ Class:org.apache.ibatis.datasource.pooled.PooledDataSource >> Method: org.apache.ibatis.datasource.pooled.PooledDataSource.forceCloseAll(PooledDataSource.java:353) ]
DEBUG:PooledDataSource forcefully closed/removed all connections.
2021-04-18 20:41:17 下午 [Thread: main][ Class:org.apache.ibatis.datasource.pooled.PooledDataSource >> Method: org.apache.ibatis.datasource.pooled.PooledDataSource.forceCloseAll(PooledDataSource.java:353) ]
DEBUG:PooledDataSource forcefully closed/removed all connections.
2021-04-18 20:41:18 下午 [Thread: main][ Class:com.bian.Dao.studentMapperTest >> Method: com.bian.Dao.studentMapperTest.getStudent(studentMapperTest.java:21) ]
INFO:info:进入了testLog4j
2021-04-18 20:41:18 下午 [Thread: main][ Class:com.bian.Dao.studentMapperTest >> Method: com.bian.Dao.studentMapperTest.getStudent(studentMapperTest.java:21) ]
INFO:info:进入了testLog4j
2021-04-18 20:44:42 下午 [Thread: main][ Class:org.apache.ibatis.logging.LogFactory >> Method: org.apache.ibatis.logging.LogFactory.setImplementation(LogFactory.java:105) ]
DEBUG:Logging initialized using 'class org.apache.ibatis.logging.log4j.Log4jImpl' adapter.
2021-04-18 20:44:42 下午 [Thread: main][ Class:org.apache.ibatis.logging.LogFactory >> Method: org.apache.ibatis.logging.LogFactory.setImplementation(LogFactory.java:105) ]
DEBUG:Logging initialized using 'class org.apache.ibatis.logging.log4j.Log4jImpl' adapter.
2021-04-18 20:44:43 下午 [Thread: main][ Class:org.apache.ibatis.datasource.pooled.PooledDataSource >> Method: org.apache.ibatis.datasource.pooled.PooledDataSource.forceCloseAll(PooledDataSource.java:353) ]
DEBUG:PooledDataSource forcefully closed/removed all connections.
2021-04-18 20:44:43 下午 [Thread: main][ Class:org.apache.ibatis.datasource.pooled.PooledDataSource >> Method: org.apache.ibatis.datasource.pooled.PooledDataSource.forceCloseAll(PooledDataSource.java:353) ]
DEBUG:PooledDataSource forcefully closed/removed all connections.
2021-04-18 20:44:43 下午 [Thread: main][ Class:org.apache.ibatis.datasource.pooled.PooledDataSource >> Method: org.apache.ibatis.datasource.pooled.PooledDataSource.forceCloseAll(PooledDataSource.java:353) ]
DEBUG:PooledDataSource forcefully closed/removed all connections.
2021-04-18 20:44:43 下午 [Thread: main][ Class:org.apache.ibatis.datasource.pooled.PooledDataSource >> Method: org.apache.ibatis.datasource.pooled.PooledDataSource.forceCloseAll(PooledDataSource.java:353) ]
DEBUG:PooledDataSource forcefully closed/removed all connections.
2021-04-18 20:44:43 下午 [Thread: main][ Class:com.bian.Dao.studentMapperTest >> Method: com.bian.Dao.studentMapperTest.getStudent(studentMapperTest.java:21) ]
INFO:info:进入了testLog4j
2021-04-18 20:44:43 下午 [Thread: main][ Class:com.bian.Dao.studentMapperTest >> Method: com.bian.Dao.studentMapperTest.getStudent(studentMapperTest.java:21) ]
INFO:info:进入了testLog4j
2021-04-18 20:44:43 下午 [Thread: main][ Class:org.apache.ibatis.transaction.jdbc.JdbcTransaction >> Method: org.apache.ibatis.transaction.jdbc.JdbcTransaction.openConnection(JdbcTransaction.java:136) ]
DEBUG:Opening JDBC Connection
2021-04-18 20:44:43 下午 [Thread: main][ Class:org.apache.ibatis.datasource.pooled.PooledDataSource >> Method: org.apache.ibatis.datasource.pooled.PooledDataSource.popConnection(PooledDataSource.java:424) ]
DEBUG:Created connection 728739494.
2021-04-18 20:44:43 下午 [Thread: main][ Class:org.apache.ibatis.transaction.jdbc.JdbcTransaction >> Method: org.apache.ibatis.transaction.jdbc.JdbcTransaction.setDesiredAutoCommit(JdbcTransaction.java:100) ]
DEBUG:Setting autocommit to false on JDBC Connection [com.mysql.cj.jdbc.ConnectionImpl@2b6faea6]
2021-04-18 20:44:43 下午 [Thread: main][ Class:com.bian.Dao.studentMapper.getStudents >> Method: org.apache.ibatis.logging.jdbc.BaseJdbcLogger.debug(BaseJdbcLogger.java:143) ]
DEBUG:==>  Preparing: select * from student s ,teacher t where s.tid = t.id; 
2021-04-18 20:44:43 下午 [Thread: main][ Class:com.bian.Dao.studentMapper.getStudents >> Method: org.apache.ibatis.logging.jdbc.BaseJdbcLogger.debug(BaseJdbcLogger.java:143) ]
DEBUG:==> Parameters: 
2021-04-18 20:47:29 下午 [Thread: main][ Class:org.apache.ibatis.logging.LogFactory >> Method: org.apache.ibatis.logging.LogFactory.setImplementation(LogFactory.java:105) ]
DEBUG:Logging initialized using 'class org.apache.ibatis.logging.log4j.Log4jImpl' adapter.
2021-04-18 20:47:29 下午 [Thread: main][ Class:org.apache.ibatis.logging.LogFactory >> Method: org.apache.ibatis.logging.LogFactory.setImplementation(LogFactory.java:105) ]
DEBUG:Logging initialized using 'class org.apache.ibatis.logging.log4j.Log4jImpl' adapter.
2021-04-18 20:47:29 下午 [Thread: main][ Class:org.apache.ibatis.datasource.pooled.PooledDataSource >> Method: org.apache.ibatis.datasource.pooled.PooledDataSource.forceCloseAll(PooledDataSource.java:353) ]
DEBUG:PooledDataSource forcefully closed/removed all connections.
2021-04-18 20:47:29 下午 [Thread: main][ Class:org.apache.ibatis.datasource.pooled.PooledDataSource >> Method: org.apache.ibatis.datasource.pooled.PooledDataSource.forceCloseAll(PooledDataSource.java:353) ]
DEBUG:PooledDataSource forcefully closed/removed all connections.
2021-04-18 20:47:29 下午 [Thread: main][ Class:org.apache.ibatis.datasource.pooled.PooledDataSource >> Method: org.apache.ibatis.datasource.pooled.PooledDataSource.forceCloseAll(PooledDataSource.java:353) ]
DEBUG:PooledDataSource forcefully closed/removed all connections.
2021-04-18 20:47:29 下午 [Thread: main][ Class:org.apache.ibatis.datasource.pooled.PooledDataSource >> Method: org.apache.ibatis.datasource.pooled.PooledDataSource.forceCloseAll(PooledDataSource.java:353) ]
DEBUG:PooledDataSource forcefully closed/removed all connections.
2021-04-18 20:47:29 下午 [Thread: main][ Class:com.bian.Dao.studentMapperTest >> Method: com.bian.Dao.studentMapperTest.getStudent(studentMapperTest.java:21) ]
INFO:info:进入了testLog4j
2021-04-18 20:47:29 下午 [Thread: main][ Class:com.bian.Dao.studentMapperTest >> Method: com.bian.Dao.studentMapperTest.getStudent(studentMapperTest.java:21) ]
INFO:info:进入了testLog4j
2021-04-18 20:47:29 下午 [Thread: main][ Class:org.apache.ibatis.transaction.jdbc.JdbcTransaction >> Method: org.apache.ibatis.transaction.jdbc.JdbcTransaction.openConnection(JdbcTransaction.java:136) ]
DEBUG:Opening JDBC Connection
2021-04-18 20:47:30 下午 [Thread: main][ Class:org.apache.ibatis.datasource.pooled.PooledDataSource >> Method: org.apache.ibatis.datasource.pooled.PooledDataSource.popConnection(PooledDataSource.java:424) ]
DEBUG:Created connection 728739494.
2021-04-18 20:47:30 下午 [Thread: main][ Class:org.apache.ibatis.transaction.jdbc.JdbcTransaction >> Method: org.apache.ibatis.transaction.jdbc.JdbcTransaction.setDesiredAutoCommit(JdbcTransaction.java:100) ]
DEBUG:Setting autocommit to false on JDBC Connection [com.mysql.cj.jdbc.ConnectionImpl@2b6faea6]
2021-04-18 20:47:30 下午 [Thread: main][ Class:com.bian.Dao.studentMapper.getStudents >> Method: org.apache.ibatis.logging.jdbc.BaseJdbcLogger.debug(BaseJdbcLogger.java:143) ]
DEBUG:==>  Preparing: select s.id,s.name,t.name from student s ,teacher t where s.tid = t.id; 
2021-04-18 20:47:30 下午 [Thread: main][ Class:com.bian.Dao.studentMapper.getStudents >> Method: org.apache.ibatis.logging.jdbc.BaseJdbcLogger.debug(BaseJdbcLogger.java:143) ]
DEBUG:==> Parameters: 
2021-04-18 21:25:05 下午 [Thread: main][ Class:org.apache.ibatis.logging.LogFactory >> Method: org.apache.ibatis.logging.LogFactory.setImplementation(LogFactory.java:105) ]
DEBUG:Logging initialized using 'class org.apache.ibatis.logging.log4j.Log4jImpl' adapter.
2021-04-18 21:25:05 下午 [Thread: main][ Class:org.apache.ibatis.logging.LogFactory >> Method: org.apache.ibatis.logging.LogFactory.setImplementation(LogFactory.java:105) ]
DEBUG:Logging initialized using 'class org.apache.ibatis.logging.log4j.Log4jImpl' adapter.
2021-04-18 21:25:05 下午 [Thread: main][ Class:org.apache.ibatis.datasource.pooled.PooledDataSource >> Method: org.apache.ibatis.datasource.pooled.PooledDataSource.forceCloseAll(PooledDataSource.java:353) ]
DEBUG:PooledDataSource forcefully closed/removed all connections.
2021-04-18 21:25:05 下午 [Thread: main][ Class:org.apache.ibatis.datasource.pooled.PooledDataSource >> Method: org.apache.ibatis.datasource.pooled.PooledDataSource.forceCloseAll(PooledDataSource.java:353) ]
DEBUG:PooledDataSource forcefully closed/removed all connections.
2021-04-18 21:25:05 下午 [Thread: main][ Class:org.apache.ibatis.datasource.pooled.PooledDataSource >> Method: org.apache.ibatis.datasource.pooled.PooledDataSource.forceCloseAll(PooledDataSource.java:353) ]
DEBUG:PooledDataSource forcefully closed/removed all connections.
2021-04-18 21:25:05 下午 [Thread: main][ Class:org.apache.ibatis.datasource.pooled.PooledDataSource >> Method: org.apache.ibatis.datasource.pooled.PooledDataSource.forceCloseAll(PooledDataSource.java:353) ]
DEBUG:PooledDataSource forcefully closed/removed all connections.
2021-04-18 21:25:05 下午 [Thread: main][ Class:com.bian.Dao.studentMapperTest >> Method: com.bian.Dao.studentMapperTest.getStudent(studentMapperTest.java:21) ]
INFO:info:进入了testLog4j
2021-04-18 21:25:05 下午 [Thread: main][ Class:com.bian.Dao.studentMapperTest >> Method: com.bian.Dao.studentMapperTest.getStudent(studentMapperTest.java:21) ]
INFO:info:进入了testLog4j
2021-04-18 21:25:05 下午 [Thread: main][ Class:org.apache.ibatis.transaction.jdbc.JdbcTransaction >> Method: org.apache.ibatis.transaction.jdbc.JdbcTransaction.openConnection(JdbcTransaction.java:136) ]
DEBUG:Opening JDBC Connection
2021-04-18 21:25:05 下午 [Thread: main][ Class:org.apache.ibatis.datasource.pooled.PooledDataSource >> Method: org.apache.ibatis.datasource.pooled.PooledDataSource.popConnection(PooledDataSource.java:424) ]
DEBUG:Created connection 728739494.
2021-04-18 21:25:05 下午 [Thread: main][ Class:org.apache.ibatis.transaction.jdbc.JdbcTransaction >> Method: org.apache.ibatis.transaction.jdbc.JdbcTransaction.setDesiredAutoCommit(JdbcTransaction.java:100) ]
DEBUG:Setting autocommit to false on JDBC Connection [com.mysql.cj.jdbc.ConnectionImpl@2b6faea6]
2021-04-18 21:25:05 下午 [Thread: main][ Class:com.bian.Dao.studentMapper.getStudents >> Method: org.apache.ibatis.logging.jdbc.BaseJdbcLogger.debug(BaseJdbcLogger.java:143) ]
DEBUG:==>  Preparing: select * from student; 
2021-04-18 21:25:05 下午 [Thread: main][ Class:com.bian.Dao.studentMapper.getStudents >> Method: org.apache.ibatis.logging.jdbc.BaseJdbcLogger.debug(BaseJdbcLogger.java:143) ]
DEBUG:==> Parameters: 
2021-04-18 21:25:05 下午 [Thread: main][ Class:com.bian.Dao.studentMapper.getStudents >> Method: org.apache.ibatis.logging.jdbc.BaseJdbcLogger.debug(BaseJdbcLogger.java:143) ]
DEBUG:<==      Total: 3
2021-04-18 21:25:05 下午 [Thread: main][ Class:org.apache.ibatis.transaction.jdbc.JdbcTransaction >> Method: org.apache.ibatis.transaction.jdbc.JdbcTransaction.resetAutoCommit(JdbcTransaction.java:122) ]
DEBUG:Resetting autocommit to true on JDBC Connection [com.mysql.cj.jdbc.ConnectionImpl@2b6faea6]
2021-04-18 21:25:05 下午 [Thread: main][ Class:org.apache.ibatis.transaction.jdbc.JdbcTransaction >> Method: org.apache.ibatis.transaction.jdbc.JdbcTransaction.close(JdbcTransaction.java:90) ]
DEBUG:Closing JDBC Connection [com.mysql.cj.jdbc.ConnectionImpl@2b6faea6]
2021-04-18 21:25:05 下午 [Thread: main][ Class:org.apache.ibatis.datasource.pooled.PooledDataSource >> Method: org.apache.ibatis.datasource.pooled.PooledDataSource.pushConnection(PooledDataSource.java:381) ]
DEBUG:Returned connection 728739494 to pool.
2021-04-18 21:29:03 下午 [Thread: main][ Class:org.apache.ibatis.logging.LogFactory >> Method: org.apache.ibatis.logging.LogFactory.setImplementation(LogFactory.java:105) ]
DEBUG:Logging initialized using 'class org.apache.ibatis.logging.log4j.Log4jImpl' adapter.
2021-04-18 21:29:03 下午 [Thread: main][ Class:org.apache.ibatis.logging.LogFactory >> Method: org.apache.ibatis.logging.LogFactory.setImplementation(LogFactory.java:105) ]
DEBUG:Logging initialized using 'class org.apache.ibatis.logging.log4j.Log4jImpl' adapter.
2021-04-18 21:29:03 下午 [Thread: main][ Class:org.apache.ibatis.datasource.pooled.PooledDataSource >> Method: org.apache.ibatis.datasource.pooled.PooledDataSource.forceCloseAll(PooledDataSource.java:353) ]
DEBUG:PooledDataSource forcefully closed/removed all connections.
2021-04-18 21:29:03 下午 [Thread: main][ Class:org.apache.ibatis.datasource.pooled.PooledDataSource >> Method: org.apache.ibatis.datasource.pooled.PooledDataSource.forceCloseAll(PooledDataSource.java:353) ]
DEBUG:PooledDataSource forcefully closed/removed all connections.
2021-04-18 21:29:03 下午 [Thread: main][ Class:org.apache.ibatis.datasource.pooled.PooledDataSource >> Method: org.apache.ibatis.datasource.pooled.PooledDataSource.forceCloseAll(PooledDataSource.java:353) ]
DEBUG:PooledDataSource forcefully closed/removed all connections.
2021-04-18 21:29:03 下午 [Thread: main][ Class:org.apache.ibatis.datasource.pooled.PooledDataSource >> Method: org.apache.ibatis.datasource.pooled.PooledDataSource.forceCloseAll(PooledDataSource.java:353) ]
DEBUG:PooledDataSource forcefully closed/removed all connections.
2021-04-18 21:29:03 下午 [Thread: main][ Class:com.bian.Dao.studentMapperTest >> Method: com.bian.Dao.studentMapperTest.getStudent(studentMapperTest.java:22) ]
INFO:info:进入了testLog4j
2021-04-18 21:29:03 下午 [Thread: main][ Class:com.bian.Dao.studentMapperTest >> Method: com.bian.Dao.studentMapperTest.getStudent(studentMapperTest.java:22) ]
INFO:info:进入了testLog4j
2021-04-18 21:29:04 下午 [Thread: main][ Class:org.apache.ibatis.transaction.jdbc.JdbcTransaction >> Method: org.apache.ibatis.transaction.jdbc.JdbcTransaction.openConnection(JdbcTransaction.java:136) ]
DEBUG:Opening JDBC Connection
2021-04-18 21:29:04 下午 [Thread: main][ Class:org.apache.ibatis.datasource.pooled.PooledDataSource >> Method: org.apache.ibatis.datasource.pooled.PooledDataSource.popConnection(PooledDataSource.java:424) ]
DEBUG:Created connection 728739494.
2021-04-18 21:29:04 下午 [Thread: main][ Class:org.apache.ibatis.transaction.jdbc.JdbcTransaction >> Method: org.apache.ibatis.transaction.jdbc.JdbcTransaction.setDesiredAutoCommit(JdbcTransaction.java:100) ]
DEBUG:Setting autocommit to false on JDBC Connection [com.mysql.cj.jdbc.ConnectionImpl@2b6faea6]
2021-04-18 21:29:04 下午 [Thread: main][ Class:com.bian.Dao.studentMapper.getStudents >> Method: org.apache.ibatis.logging.jdbc.BaseJdbcLogger.debug(BaseJdbcLogger.java:143) ]
DEBUG:==>  Preparing: select * from student; 
2021-04-18 21:29:04 下午 [Thread: main][ Class:com.bian.Dao.studentMapper.getStudents >> Method: org.apache.ibatis.logging.jdbc.BaseJdbcLogger.debug(BaseJdbcLogger.java:143) ]
DEBUG:==> Parameters: 
2021-04-18 21:29:04 下午 [Thread: main][ Class:com.bian.Dao.studentMapper.getStudents >> Method: org.apache.ibatis.logging.jdbc.BaseJdbcLogger.debug(BaseJdbcLogger.java:143) ]
DEBUG:<==      Total: 3
2021-04-18 21:29:04 下午 [Thread: main][ Class:com.bian.Dao.studentMapper.getTeachers >> Method: org.apache.ibatis.logging.jdbc.BaseJdbcLogger.debug(BaseJdbcLogger.java:143) ]
DEBUG:==>  Preparing: select * from teacher; 
2021-04-18 21:29:04 下午 [Thread: main][ Class:com.bian.Dao.studentMapper.getTeachers >> Method: org.apache.ibatis.logging.jdbc.BaseJdbcLogger.debug(BaseJdbcLogger.java:143) ]
DEBUG:==> Parameters: 
2021-04-18 21:29:04 下午 [Thread: main][ Class:com.bian.Dao.studentMapper.getTeachers >> Method: org.apache.ibatis.logging.jdbc.BaseJdbcLogger.debug(BaseJdbcLogger.java:143) ]
DEBUG:<==      Total: 1
2021-04-18 21:29:04 下午 [Thread: main][ Class:org.apache.ibatis.transaction.jdbc.JdbcTransaction >> Method: org.apache.ibatis.transaction.jdbc.JdbcTransaction.resetAutoCommit(JdbcTransaction.java:122) ]
DEBUG:Resetting autocommit to true on JDBC Connection [com.mysql.cj.jdbc.ConnectionImpl@2b6faea6]
2021-04-18 21:29:04 下午 [Thread: main][ Class:org.apache.ibatis.transaction.jdbc.JdbcTransaction >> Method: org.apache.ibatis.transaction.jdbc.JdbcTransaction.close(JdbcTransaction.java:90) ]
DEBUG:Closing JDBC Connection [com.mysql.cj.jdbc.ConnectionImpl@2b6faea6]
2021-04-18 21:29:04 下午 [Thread: main][ Class:org.apache.ibatis.datasource.pooled.PooledDataSource >> Method: org.apache.ibatis.datasource.pooled.PooledDataSource.pushConnection(PooledDataSource.java:381) ]
DEBUG:Returned connection 728739494 to pool.
2021-04-18 21:29:41 下午 [Thread: main][ Class:org.apache.ibatis.logging.LogFactory >> Method: org.apache.ibatis.logging.LogFactory.setImplementation(LogFactory.java:105) ]
DEBUG:Logging initialized using 'class org.apache.ibatis.logging.log4j.Log4jImpl' adapter.
2021-04-18 21:29:41 下午 [Thread: main][ Class:org.apache.ibatis.logging.LogFactory >> Method: org.apache.ibatis.logging.LogFactory.setImplementation(LogFactory.java:105) ]
DEBUG:Logging initialized using 'class org.apache.ibatis.logging.log4j.Log4jImpl' adapter.
2021-04-18 21:29:41 下午 [Thread: main][ Class:org.apache.ibatis.datasource.pooled.PooledDataSource >> Method: org.apache.ibatis.datasource.pooled.PooledDataSource.forceCloseAll(PooledDataSource.java:353) ]
DEBUG:PooledDataSource forcefully closed/removed all connections.
2021-04-18 21:29:41 下午 [Thread: main][ Class:org.apache.ibatis.datasource.pooled.PooledDataSource >> Method: org.apache.ibatis.datasource.pooled.PooledDataSource.forceCloseAll(PooledDataSource.java:353) ]
DEBUG:PooledDataSource forcefully closed/removed all connections.
2021-04-18 21:29:41 下午 [Thread: main][ Class:org.apache.ibatis.datasource.pooled.PooledDataSource >> Method: org.apache.ibatis.datasource.pooled.PooledDataSource.forceCloseAll(PooledDataSource.java:353) ]
DEBUG:PooledDataSource forcefully closed/removed all connections.
2021-04-18 21:29:41 下午 [Thread: main][ Class:org.apache.ibatis.datasource.pooled.PooledDataSource >> Method: org.apache.ibatis.datasource.pooled.PooledDataSource.forceCloseAll(PooledDataSource.java:353) ]
DEBUG:PooledDataSource forcefully closed/removed all connections.
2021-04-18 21:29:41 下午 [Thread: main][ Class:com.bian.Dao.studentMapperTest >> Method: com.bian.Dao.studentMapperTest.getStudent(studentMapperTest.java:22) ]
INFO:info:进入了testLog4j
2021-04-18 21:29:41 下午 [Thread: main][ Class:com.bian.Dao.studentMapperTest >> Method: com.bian.Dao.studentMapperTest.getStudent(studentMapperTest.java:22) ]
INFO:info:进入了testLog4j
2021-04-18 21:29:41 下午 [Thread: main][ Class:org.apache.ibatis.transaction.jdbc.JdbcTransaction >> Method: org.apache.ibatis.transaction.jdbc.JdbcTransaction.openConnection(JdbcTransaction.java:136) ]
DEBUG:Opening JDBC Connection
2021-04-18 21:29:42 下午 [Thread: main][ Class:org.apache.ibatis.datasource.pooled.PooledDataSource >> Method: org.apache.ibatis.datasource.pooled.PooledDataSource.popConnection(PooledDataSource.java:424) ]
DEBUG:Created connection 2130772866.
2021-04-18 21:29:42 下午 [Thread: main][ Class:org.apache.ibatis.transaction.jdbc.JdbcTransaction >> Method: org.apache.ibatis.transaction.jdbc.JdbcTransaction.setDesiredAutoCommit(JdbcTransaction.java:100) ]
DEBUG:Setting autocommit to false on JDBC Connection [com.mysql.cj.jdbc.ConnectionImpl@7f010382]
2021-04-18 21:29:42 下午 [Thread: main][ Class:com.bian.Dao.studentMapper.getStudents >> Method: org.apache.ibatis.logging.jdbc.BaseJdbcLogger.debug(BaseJdbcLogger.java:143) ]
DEBUG:==>  Preparing: select * from student; 
2021-04-18 21:29:42 下午 [Thread: main][ Class:com.bian.Dao.studentMapper.getStudents >> Method: org.apache.ibatis.logging.jdbc.BaseJdbcLogger.debug(BaseJdbcLogger.java:143) ]
DEBUG:==> Parameters: 
2021-04-18 21:29:42 下午 [Thread: main][ Class:com.bian.Dao.studentMapper.getStudents >> Method: org.apache.ibatis.logging.jdbc.BaseJdbcLogger.debug(BaseJdbcLogger.java:143) ]
DEBUG:<==      Total: 3
2021-04-18 21:29:42 下午 [Thread: main][ Class:com.bian.Dao.studentMapper.getTeachers >> Method: org.apache.ibatis.logging.jdbc.BaseJdbcLogger.debug(BaseJdbcLogger.java:143) ]
DEBUG:==>  Preparing: select * from teacher; 
2021-04-18 21:29:42 下午 [Thread: main][ Class:com.bian.Dao.studentMapper.getTeachers >> Method: org.apache.ibatis.logging.jdbc.BaseJdbcLogger.debug(BaseJdbcLogger.java:143) ]
DEBUG:==> Parameters: 
2021-04-18 21:29:42 下午 [Thread: main][ Class:com.bian.Dao.studentMapper.getTeachers >> Method: org.apache.ibatis.logging.jdbc.BaseJdbcLogger.debug(BaseJdbcLogger.java:143) ]
DEBUG:<==      Total: 1
2021-04-18 21:29:42 下午 [Thread: main][ Class:org.apache.ibatis.transaction.jdbc.JdbcTransaction >> Method: org.apache.ibatis.transaction.jdbc.JdbcTransaction.resetAutoCommit(JdbcTransaction.java:122) ]
DEBUG:Resetting autocommit to true on JDBC Connection [com.mysql.cj.jdbc.ConnectionImpl@7f010382]
2021-04-18 21:29:42 下午 [Thread: main][ Class:org.apache.ibatis.transaction.jdbc.JdbcTransaction >> Method: org.apache.ibatis.transaction.jdbc.JdbcTransaction.close(JdbcTransaction.java:90) ]
DEBUG:Closing JDBC Connection [com.mysql.cj.jdbc.ConnectionImpl@7f010382]
2021-04-18 21:29:42 下午 [Thread: main][ Class:org.apache.ibatis.datasource.pooled.PooledDataSource >> Method: org.apache.ibatis.datasource.pooled.PooledDataSource.pushConnection(PooledDataSource.java:381) ]
DEBUG:Returned connection 2130772866 to pool.
2021-04-18 21:38:23 下午 [Thread: main][ Class:org.apache.ibatis.logging.LogFactory >> Method: org.apache.ibatis.logging.LogFactory.setImplementation(LogFactory.java:105) ]
DEBUG:Logging initialized using 'class org.apache.ibatis.logging.log4j.Log4jImpl' adapter.
2021-04-18 21:38:23 下午 [Thread: main][ Class:org.apache.ibatis.logging.LogFactory >> Method: org.apache.ibatis.logging.LogFactory.setImplementation(LogFactory.java:105) ]
DEBUG:Logging initialized using 'class org.apache.ibatis.logging.log4j.Log4jImpl' adapter.
2021-04-18 21:38:23 下午 [Thread: main][ Class:org.apache.ibatis.datasource.pooled.PooledDataSource >> Method: org.apache.ibatis.datasource.pooled.PooledDataSource.forceCloseAll(PooledDataSource.java:353) ]
DEBUG:PooledDataSource forcefully closed/removed all connections.
2021-04-18 21:38:23 下午 [Thread: main][ Class:org.apache.ibatis.datasource.pooled.PooledDataSource >> Method: org.apache.ibatis.datasource.pooled.PooledDataSource.forceCloseAll(PooledDataSource.java:353) ]
DEBUG:PooledDataSource forcefully closed/removed all connections.
2021-04-18 21:38:23 下午 [Thread: main][ Class:org.apache.ibatis.datasource.pooled.PooledDataSource >> Method: org.apache.ibatis.datasource.pooled.PooledDataSource.forceCloseAll(PooledDataSource.java:353) ]
DEBUG:PooledDataSource forcefully closed/removed all connections.
2021-04-18 21:38:23 下午 [Thread: main][ Class:org.apache.ibatis.datasource.pooled.PooledDataSource >> Method: org.apache.ibatis.datasource.pooled.PooledDataSource.forceCloseAll(PooledDataSource.java:353) ]
DEBUG:PooledDataSource forcefully closed/removed all connections.
2021-04-18 21:40:00 下午 [Thread: main][ Class:org.apache.ibatis.logging.LogFactory >> Method: org.apache.ibatis.logging.LogFactory.setImplementation(LogFactory.java:105) ]
DEBUG:Logging initialized using 'class org.apache.ibatis.logging.log4j.Log4jImpl' adapter.
2021-04-18 21:40:00 下午 [Thread: main][ Class:org.apache.ibatis.logging.LogFactory >> Method: org.apache.ibatis.logging.LogFactory.setImplementation(LogFactory.java:105) ]
DEBUG:Logging initialized using 'class org.apache.ibatis.logging.log4j.Log4jImpl' adapter.
2021-04-18 21:40:00 下午 [Thread: main][ Class:org.apache.ibatis.datasource.pooled.PooledDataSource >> Method: org.apache.ibatis.datasource.pooled.PooledDataSource.forceCloseAll(PooledDataSource.java:353) ]
DEBUG:PooledDataSource forcefully closed/removed all connections.
2021-04-18 21:40:00 下午 [Thread: main][ Class:org.apache.ibatis.datasource.pooled.PooledDataSource >> Method: org.apache.ibatis.datasource.pooled.PooledDataSource.forceCloseAll(PooledDataSource.java:353) ]
DEBUG:PooledDataSource forcefully closed/removed all connections.
2021-04-18 21:40:00 下午 [Thread: main][ Class:org.apache.ibatis.datasource.pooled.PooledDataSource >> Method: org.apache.ibatis.datasource.pooled.PooledDataSource.forceCloseAll(PooledDataSource.java:353) ]
DEBUG:PooledDataSource forcefully closed/removed all connections.
2021-04-18 21:40:00 下午 [Thread: main][ Class:org.apache.ibatis.datasource.pooled.PooledDataSource >> Method: org.apache.ibatis.datasource.pooled.PooledDataSource.forceCloseAll(PooledDataSource.java:353) ]
DEBUG:PooledDataSource forcefully closed/removed all connections.
2021-04-18 21:41:15 下午 [Thread: main][ Class:org.apache.ibatis.logging.LogFactory >> Method: org.apache.ibatis.logging.LogFactory.setImplementation(LogFactory.java:105) ]
DEBUG:Logging initialized using 'class org.apache.ibatis.logging.log4j.Log4jImpl' adapter.
2021-04-18 21:41:15 下午 [Thread: main][ Class:org.apache.ibatis.logging.LogFactory >> Method: org.apache.ibatis.logging.LogFactory.setImplementation(LogFactory.java:105) ]
DEBUG:Logging initialized using 'class org.apache.ibatis.logging.log4j.Log4jImpl' adapter.
2021-04-18 21:41:15 下午 [Thread: main][ Class:org.apache.ibatis.datasource.pooled.PooledDataSource >> Method: org.apache.ibatis.datasource.pooled.PooledDataSource.forceCloseAll(PooledDataSource.java:353) ]
DEBUG:PooledDataSource forcefully closed/removed all connections.
2021-04-18 21:41:15 下午 [Thread: main][ Class:org.apache.ibatis.datasource.pooled.PooledDataSource >> Method: org.apache.ibatis.datasource.pooled.PooledDataSource.forceCloseAll(PooledDataSource.java:353) ]
DEBUG:PooledDataSource forcefully closed/removed all connections.
2021-04-18 21:41:15 下午 [Thread: main][ Class:org.apache.ibatis.datasource.pooled.PooledDataSource >> Method: org.apache.ibatis.datasource.pooled.PooledDataSource.forceCloseAll(PooledDataSource.java:353) ]
DEBUG:PooledDataSource forcefully closed/removed all connections.
2021-04-18 21:41:15 下午 [Thread: main][ Class:org.apache.ibatis.datasource.pooled.PooledDataSource >> Method: org.apache.ibatis.datasource.pooled.PooledDataSource.forceCloseAll(PooledDataSource.java:353) ]
DEBUG:PooledDataSource forcefully closed/removed all connections.
2021-04-18 21:43:15 下午 [Thread: main][ Class:org.apache.ibatis.logging.LogFactory >> Method: org.apache.ibatis.logging.LogFactory.setImplementation(LogFactory.java:105) ]
DEBUG:Logging initialized using 'class org.apache.ibatis.logging.log4j.Log4jImpl' adapter.
2021-04-18 21:43:15 下午 [Thread: main][ Class:org.apache.ibatis.logging.LogFactory >> Method: org.apache.ibatis.logging.LogFactory.setImplementation(LogFactory.java:105) ]
DEBUG:Logging initialized using 'class org.apache.ibatis.logging.log4j.Log4jImpl' adapter.
2021-04-18 21:43:15 下午 [Thread: main][ Class:org.apache.ibatis.datasource.pooled.PooledDataSource >> Method: org.apache.ibatis.datasource.pooled.PooledDataSource.forceCloseAll(PooledDataSource.java:353) ]
DEBUG:PooledDataSource forcefully closed/removed all connections.
2021-04-18 21:43:15 下午 [Thread: main][ Class:org.apache.ibatis.datasource.pooled.PooledDataSource >> Method: org.apache.ibatis.datasource.pooled.PooledDataSource.forceCloseAll(PooledDataSource.java:353) ]
DEBUG:PooledDataSource forcefully closed/removed all connections.
2021-04-18 21:43:15 下午 [Thread: main][ Class:org.apache.ibatis.datasource.pooled.PooledDataSource >> Method: org.apache.ibatis.datasource.pooled.PooledDataSource.forceCloseAll(PooledDataSource.java:353) ]
DEBUG:PooledDataSource forcefully closed/removed all connections.
2021-04-18 21:43:15 下午 [Thread: main][ Class:org.apache.ibatis.datasource.pooled.PooledDataSource >> Method: org.apache.ibatis.datasource.pooled.PooledDataSource.forceCloseAll(PooledDataSource.java:353) ]
DEBUG:PooledDataSource forcefully closed/removed all connections.
2021-04-18 21:44:04 下午 [Thread: main][ Class:org.apache.ibatis.logging.LogFactory >> Method: org.apache.ibatis.logging.LogFactory.setImplementation(LogFactory.java:105) ]
DEBUG:Logging initialized using 'class org.apache.ibatis.logging.log4j.Log4jImpl' adapter.
2021-04-18 21:44:04 下午 [Thread: main][ Class:org.apache.ibatis.logging.LogFactory >> Method: org.apache.ibatis.logging.LogFactory.setImplementation(LogFactory.java:105) ]
DEBUG:Logging initialized using 'class org.apache.ibatis.logging.log4j.Log4jImpl' adapter.
2021-04-18 21:44:04 下午 [Thread: main][ Class:org.apache.ibatis.datasource.pooled.PooledDataSource >> Method: org.apache.ibatis.datasource.pooled.PooledDataSource.forceCloseAll(PooledDataSource.java:353) ]
DEBUG:PooledDataSource forcefully closed/removed all connections.
2021-04-18 21:44:04 下午 [Thread: main][ Class:org.apache.ibatis.datasource.pooled.PooledDataSource >> Method: org.apache.ibatis.datasource.pooled.PooledDataSource.forceCloseAll(PooledDataSource.java:353) ]
DEBUG:PooledDataSource forcefully closed/removed all connections.
2021-04-18 21:44:04 下午 [Thread: main][ Class:org.apache.ibatis.datasource.pooled.PooledDataSource >> Method: org.apache.ibatis.datasource.pooled.PooledDataSource.forceCloseAll(PooledDataSource.java:353) ]
DEBUG:PooledDataSource forcefully closed/removed all connections.
2021-04-18 21:44:04 下午 [Thread: main][ Class:org.apache.ibatis.datasource.pooled.PooledDataSource >> Method: org.apache.ibatis.datasource.pooled.PooledDataSource.forceCloseAll(PooledDataSource.java:353) ]
DEBUG:PooledDataSource forcefully closed/removed all connections.
2021-04-18 21:44:04 下午 [Thread: main][ Class:com.bian.Dao.myTest >> Method: com.bian.Dao.myTest.getStudent(myTest.java:21) ]
INFO:info:进入了testLog4j
2021-04-18 21:44:04 下午 [Thread: main][ Class:com.bian.Dao.myTest >> Method: com.bian.Dao.myTest.getStudent(myTest.java:21) ]
INFO:info:进入了testLog4j
2021-04-18 21:44:04 下午 [Thread: main][ Class:org.apache.ibatis.transaction.jdbc.JdbcTransaction >> Method: org.apache.ibatis.transaction.jdbc.JdbcTransaction.openConnection(JdbcTransaction.java:136) ]
DEBUG:Opening JDBC Connection
2021-04-18 21:44:04 下午 [Thread: main][ Class:org.apache.ibatis.datasource.pooled.PooledDataSource >> Method: org.apache.ibatis.datasource.pooled.PooledDataSource.popConnection(PooledDataSource.java:424) ]
DEBUG:Created connection 1219161283.
2021-04-18 21:44:04 下午 [Thread: main][ Class:org.apache.ibatis.transaction.jdbc.JdbcTransaction >> Method: org.apache.ibatis.transaction.jdbc.JdbcTransaction.setDesiredAutoCommit(JdbcTransaction.java:100) ]
DEBUG:Setting autocommit to false on JDBC Connection [com.mysql.cj.jdbc.ConnectionImpl@48aaecc3]
2021-04-18 21:44:04 下午 [Thread: main][ Class:com.bian.Dao.studentMapper.getStudents >> Method: org.apache.ibatis.logging.jdbc.BaseJdbcLogger.debug(BaseJdbcLogger.java:143) ]
DEBUG:==>  Preparing: select * from student; 
2021-04-18 21:44:04 下午 [Thread: main][ Class:com.bian.Dao.studentMapper.getStudents >> Method: org.apache.ibatis.logging.jdbc.BaseJdbcLogger.debug(BaseJdbcLogger.java:143) ]
DEBUG:==> Parameters: 
2021-04-18 21:45:49 下午 [Thread: main][ Class:org.apache.ibatis.logging.LogFactory >> Method: org.apache.ibatis.logging.LogFactory.setImplementation(LogFactory.java:105) ]
DEBUG:Logging initialized using 'class org.apache.ibatis.logging.log4j.Log4jImpl' adapter.
2021-04-18 21:45:49 下午 [Thread: main][ Class:org.apache.ibatis.logging.LogFactory >> Method: org.apache.ibatis.logging.LogFactory.setImplementation(LogFactory.java:105) ]
DEBUG:Logging initialized using 'class org.apache.ibatis.logging.log4j.Log4jImpl' adapter.
2021-04-18 21:45:49 下午 [Thread: main][ Class:org.apache.ibatis.datasource.pooled.PooledDataSource >> Method: org.apache.ibatis.datasource.pooled.PooledDataSource.forceCloseAll(PooledDataSource.java:353) ]
DEBUG:PooledDataSource forcefully closed/removed all connections.
2021-04-18 21:45:49 下午 [Thread: main][ Class:org.apache.ibatis.datasource.pooled.PooledDataSource >> Method: org.apache.ibatis.datasource.pooled.PooledDataSource.forceCloseAll(PooledDataSource.java:353) ]
DEBUG:PooledDataSource forcefully closed/removed all connections.
2021-04-18 21:45:49 下午 [Thread: main][ Class:org.apache.ibatis.datasource.pooled.PooledDataSource >> Method: org.apache.ibatis.datasource.pooled.PooledDataSource.forceCloseAll(PooledDataSource.java:353) ]
DEBUG:PooledDataSource forcefully closed/removed all connections.
2021-04-18 21:45:49 下午 [Thread: main][ Class:org.apache.ibatis.datasource.pooled.PooledDataSource >> Method: org.apache.ibatis.datasource.pooled.PooledDataSource.forceCloseAll(PooledDataSource.java:353) ]
DEBUG:PooledDataSource forcefully closed/removed all connections.
2021-04-18 21:45:50 下午 [Thread: main][ Class:com.bian.Dao.myTest >> Method: com.bian.Dao.myTest.getStudent(myTest.java:21) ]
INFO:info:进入了testLog4j
2021-04-18 21:45:50 下午 [Thread: main][ Class:com.bian.Dao.myTest >> Method: com.bian.Dao.myTest.getStudent(myTest.java:21) ]
INFO:info:进入了testLog4j
2021-04-18 21:45:50 下午 [Thread: main][ Class:org.apache.ibatis.transaction.jdbc.JdbcTransaction >> Method: org.apache.ibatis.transaction.jdbc.JdbcTransaction.openConnection(JdbcTransaction.java:136) ]
DEBUG:Opening JDBC Connection
2021-04-18 21:45:50 下午 [Thread: main][ Class:org.apache.ibatis.datasource.pooled.PooledDataSource >> Method: org.apache.ibatis.datasource.pooled.PooledDataSource.popConnection(PooledDataSource.java:424) ]
DEBUG:Created connection 1219161283.
2021-04-18 21:45:50 下午 [Thread: main][ Class:org.apache.ibatis.transaction.jdbc.JdbcTransaction >> Method: org.apache.ibatis.transaction.jdbc.JdbcTransaction.setDesiredAutoCommit(JdbcTransaction.java:100) ]
DEBUG:Setting autocommit to false on JDBC Connection [com.mysql.cj.jdbc.ConnectionImpl@48aaecc3]
2021-04-18 21:45:50 下午 [Thread: main][ Class:com.bian.Dao.studentMapper.getStudents >> Method: org.apache.ibatis.logging.jdbc.BaseJdbcLogger.debug(BaseJdbcLogger.java:143) ]
DEBUG:==>  Preparing: select * from student; 
2021-04-18 21:45:50 下午 [Thread: main][ Class:com.bian.Dao.studentMapper.getStudents >> Method: org.apache.ibatis.logging.jdbc.BaseJdbcLogger.debug(BaseJdbcLogger.java:143) ]
DEBUG:==> Parameters: 
2021-04-18 21:47:31 下午 [Thread: main][ Class:org.apache.ibatis.logging.LogFactory >> Method: org.apache.ibatis.logging.LogFactory.setImplementation(LogFactory.java:105) ]
DEBUG:Logging initialized using 'class org.apache.ibatis.logging.log4j.Log4jImpl' adapter.
2021-04-18 21:47:31 下午 [Thread: main][ Class:org.apache.ibatis.logging.LogFactory >> Method: org.apache.ibatis.logging.LogFactory.setImplementation(LogFactory.java:105) ]
DEBUG:Logging initialized using 'class org.apache.ibatis.logging.log4j.Log4jImpl' adapter.
2021-04-18 21:47:31 下午 [Thread: main][ Class:org.apache.ibatis.datasource.pooled.PooledDataSource >> Method: org.apache.ibatis.datasource.pooled.PooledDataSource.forceCloseAll(PooledDataSource.java:353) ]
DEBUG:PooledDataSource forcefully closed/removed all connections.
2021-04-18 21:47:31 下午 [Thread: main][ Class:org.apache.ibatis.datasource.pooled.PooledDataSource >> Method: org.apache.ibatis.datasource.pooled.PooledDataSource.forceCloseAll(PooledDataSource.java:353) ]
DEBUG:PooledDataSource forcefully closed/removed all connections.
2021-04-18 21:47:31 下午 [Thread: main][ Class:org.apache.ibatis.datasource.pooled.PooledDataSource >> Method: org.apache.ibatis.datasource.pooled.PooledDataSource.forceCloseAll(PooledDataSource.java:353) ]
DEBUG:PooledDataSource forcefully closed/removed all connections.
2021-04-18 21:47:31 下午 [Thread: main][ Class:org.apache.ibatis.datasource.pooled.PooledDataSource >> Method: org.apache.ibatis.datasource.pooled.PooledDataSource.forceCloseAll(PooledDataSource.java:353) ]
DEBUG:PooledDataSource forcefully closed/removed all connections.
2021-04-18 21:47:32 下午 [Thread: main][ Class:com.bian.Dao.myTest >> Method: com.bian.Dao.myTest.getStudent(myTest.java:21) ]
INFO:info:进入了testLog4j
2021-04-18 21:47:32 下午 [Thread: main][ Class:com.bian.Dao.myTest >> Method: com.bian.Dao.myTest.getStudent(myTest.java:21) ]
INFO:info:进入了testLog4j
2021-04-18 21:47:32 下午 [Thread: main][ Class:org.apache.ibatis.transaction.jdbc.JdbcTransaction >> Method: org.apache.ibatis.transaction.jdbc.JdbcTransaction.openConnection(JdbcTransaction.java:136) ]
DEBUG:Opening JDBC Connection
2021-04-18 21:47:32 下午 [Thread: main][ Class:org.apache.ibatis.datasource.pooled.PooledDataSource >> Method: org.apache.ibatis.datasource.pooled.PooledDataSource.popConnection(PooledDataSource.java:424) ]
DEBUG:Created connection 1219161283.
2021-04-18 21:47:32 下午 [Thread: main][ Class:org.apache.ibatis.transaction.jdbc.JdbcTransaction >> Method: org.apache.ibatis.transaction.jdbc.JdbcTransaction.setDesiredAutoCommit(JdbcTransaction.java:100) ]
DEBUG:Setting autocommit to false on JDBC Connection [com.mysql.cj.jdbc.ConnectionImpl@48aaecc3]
2021-04-18 21:47:32 下午 [Thread: main][ Class:com.bian.Dao.studentMapper.getStudents >> Method: org.apache.ibatis.logging.jdbc.BaseJdbcLogger.debug(BaseJdbcLogger.java:143) ]
DEBUG:==>  Preparing: select * from student 
2021-04-18 21:47:32 下午 [Thread: main][ Class:com.bian.Dao.studentMapper.getStudents >> Method: org.apache.ibatis.logging.jdbc.BaseJdbcLogger.debug(BaseJdbcLogger.java:143) ]
DEBUG:==> Parameters: 
2021-04-18 21:47:32 下午 [Thread: main][ Class:com.bian.Dao.studentMapper.getTeacherById >> Method: org.apache.ibatis.logging.jdbc.BaseJdbcLogger.debug(BaseJdbcLogger.java:143) ]
DEBUG:====>  Preparing: select * from teacher where id=? 
2021-04-18 21:47:32 下午 [Thread: main][ Class:com.bian.Dao.studentMapper.getTeacherById >> Method: org.apache.ibatis.logging.jdbc.BaseJdbcLogger.debug(BaseJdbcLogger.java:143) ]
DEBUG:====> Parameters: 1(Integer)
2021-04-18 21:47:32 下午 [Thread: main][ Class:com.bian.Dao.studentMapper.getTeacherById >> Method: org.apache.ibatis.logging.jdbc.BaseJdbcLogger.debug(BaseJdbcLogger.java:143) ]
DEBUG:<====      Total: 1
2021-04-18 21:47:32 下午 [Thread: main][ Class:com.bian.Dao.studentMapper.getStudents >> Method: org.apache.ibatis.logging.jdbc.BaseJdbcLogger.debug(BaseJdbcLogger.java:143) ]
DEBUG:<==      Total: 3
2021-04-18 21:47:32 下午 [Thread: main][ Class:org.apache.ibatis.transaction.jdbc.JdbcTransaction >> Method: org.apache.ibatis.transaction.jdbc.JdbcTransaction.resetAutoCommit(JdbcTransaction.java:122) ]
DEBUG:Resetting autocommit to true on JDBC Connection [com.mysql.cj.jdbc.ConnectionImpl@48aaecc3]
2021-04-18 21:47:32 下午 [Thread: main][ Class:org.apache.ibatis.transaction.jdbc.JdbcTransaction >> Method: org.apache.ibatis.transaction.jdbc.JdbcTransaction.close(JdbcTransaction.java:90) ]
DEBUG:Closing JDBC Connection [com.mysql.cj.jdbc.ConnectionImpl@48aaecc3]
2021-04-18 21:47:32 下午 [Thread: main][ Class:org.apache.ibatis.datasource.pooled.PooledDataSource >> Method: org.apache.ibatis.datasource.pooled.PooledDataSource.pushConnection(PooledDataSource.java:381) ]
DEBUG:Returned connection 1219161283 to pool.
2021-04-18 21:50:47 下午 [Thread: main][ Class:org.apache.ibatis.logging.LogFactory >> Method: org.apache.ibatis.logging.LogFactory.setImplementation(LogFactory.java:105) ]
DEBUG:Logging initialized using 'class org.apache.ibatis.logging.log4j.Log4jImpl' adapter.
2021-04-18 21:50:47 下午 [Thread: main][ Class:org.apache.ibatis.logging.LogFactory >> Method: org.apache.ibatis.logging.LogFactory.setImplementation(LogFactory.java:105) ]
DEBUG:Logging initialized using 'class org.apache.ibatis.logging.log4j.Log4jImpl' adapter.
2021-04-18 21:50:47 下午 [Thread: main][ Class:org.apache.ibatis.datasource.pooled.PooledDataSource >> Method: org.apache.ibatis.datasource.pooled.PooledDataSource.forceCloseAll(PooledDataSource.java:353) ]
DEBUG:PooledDataSource forcefully closed/removed all connections.
2021-04-18 21:50:47 下午 [Thread: main][ Class:org.apache.ibatis.datasource.pooled.PooledDataSource >> Method: org.apache.ibatis.datasource.pooled.PooledDataSource.forceCloseAll(PooledDataSource.java:353) ]
DEBUG:PooledDataSource forcefully closed/removed all connections.
2021-04-18 21:50:47 下午 [Thread: main][ Class:org.apache.ibatis.datasource.pooled.PooledDataSource >> Method: org.apache.ibatis.datasource.pooled.PooledDataSource.forceCloseAll(PooledDataSource.java:353) ]
DEBUG:PooledDataSource forcefully closed/removed all connections.
2021-04-18 21:50:47 下午 [Thread: main][ Class:org.apache.ibatis.datasource.pooled.PooledDataSource >> Method: org.apache.ibatis.datasource.pooled.PooledDataSource.forceCloseAll(PooledDataSource.java:353) ]
DEBUG:PooledDataSource forcefully closed/removed all connections.
2021-04-18 21:50:47 下午 [Thread: main][ Class:com.bian.Dao.myTest >> Method: com.bian.Dao.myTest.getStudent(myTest.java:21) ]
INFO:info:进入了testLog4j
2021-04-18 21:50:47 下午 [Thread: main][ Class:com.bian.Dao.myTest >> Method: com.bian.Dao.myTest.getStudent(myTest.java:21) ]
INFO:info:进入了testLog4j
2021-04-18 21:50:47 下午 [Thread: main][ Class:org.apache.ibatis.transaction.jdbc.JdbcTransaction >> Method: org.apache.ibatis.transaction.jdbc.JdbcTransaction.openConnection(JdbcTransaction.java:136) ]
DEBUG:Opening JDBC Connection
2021-04-18 21:50:48 下午 [Thread: main][ Class:org.apache.ibatis.datasource.pooled.PooledDataSource >> Method: org.apache.ibatis.datasource.pooled.PooledDataSource.popConnection(PooledDataSource.java:424) ]
DEBUG:Created connection 1219161283.
2021-04-18 21:50:48 下午 [Thread: main][ Class:org.apache.ibatis.transaction.jdbc.JdbcTransaction >> Method: org.apache.ibatis.transaction.jdbc.JdbcTransaction.setDesiredAutoCommit(JdbcTransaction.java:100) ]
DEBUG:Setting autocommit to false on JDBC Connection [com.mysql.cj.jdbc.ConnectionImpl@48aaecc3]
2021-04-18 21:50:48 下午 [Thread: main][ Class:com.bian.Dao.studentMapper.getStudents >> Method: org.apache.ibatis.logging.jdbc.BaseJdbcLogger.debug(BaseJdbcLogger.java:143) ]
DEBUG:==>  Preparing: select * from student 
2021-04-18 21:50:48 下午 [Thread: main][ Class:com.bian.Dao.studentMapper.getStudents >> Method: org.apache.ibatis.logging.jdbc.BaseJdbcLogger.debug(BaseJdbcLogger.java:143) ]
DEBUG:==> Parameters: 
2021-04-18 21:50:48 下午 [Thread: main][ Class:com.bian.Dao.studentMapper.getTeacherById >> Method: org.apache.ibatis.logging.jdbc.BaseJdbcLogger.debug(BaseJdbcLogger.java:143) ]
DEBUG:====>  Preparing: select * from teacher where id=? 
2021-04-18 21:50:48 下午 [Thread: main][ Class:com.bian.Dao.studentMapper.getTeacherById >> Method: org.apache.ibatis.logging.jdbc.BaseJdbcLogger.debug(BaseJdbcLogger.java:143) ]
DEBUG:====> Parameters: 1(Integer)
2021-04-18 21:50:48 下午 [Thread: main][ Class:com.bian.Dao.studentMapper.getTeacherById >> Method: org.apache.ibatis.logging.jdbc.BaseJdbcLogger.debug(BaseJdbcLogger.java:143) ]
DEBUG:<====      Total: 1
2021-04-18 21:50:48 下午 [Thread: main][ Class:com.bian.Dao.studentMapper.getStudents >> Method: org.apache.ibatis.logging.jdbc.BaseJdbcLogger.debug(BaseJdbcLogger.java:143) ]
DEBUG:<==      Total: 3
2021-04-18 21:50:48 下午 [Thread: main][ Class:org.apache.ibatis.transaction.jdbc.JdbcTransaction >> Method: org.apache.ibatis.transaction.jdbc.JdbcTransaction.resetAutoCommit(JdbcTransaction.java:122) ]
DEBUG:Resetting autocommit to true on JDBC Connection [com.mysql.cj.jdbc.ConnectionImpl@48aaecc3]
2021-04-18 21:50:48 下午 [Thread: main][ Class:org.apache.ibatis.transaction.jdbc.JdbcTransaction >> Method: org.apache.ibatis.transaction.jdbc.JdbcTransaction.close(JdbcTransaction.java:90) ]
DEBUG:Closing JDBC Connection [com.mysql.cj.jdbc.ConnectionImpl@48aaecc3]
2021-04-18 21:50:48 下午 [Thread: main][ Class:org.apache.ibatis.datasource.pooled.PooledDataSource >> Method: org.apache.ibatis.datasource.pooled.PooledDataSource.pushConnection(PooledDataSource.java:381) ]
DEBUG:Returned connection 1219161283 to pool.
2021-04-18 22:16:29 下午 [Thread: main][ Class:org.apache.ibatis.logging.LogFactory >> Method: org.apache.ibatis.logging.LogFactory.setImplementation(LogFactory.java:105) ]
DEBUG:Logging initialized using 'class org.apache.ibatis.logging.log4j.Log4jImpl' adapter.
2021-04-18 22:16:29 下午 [Thread: main][ Class:org.apache.ibatis.logging.LogFactory >> Method: org.apache.ibatis.logging.LogFactory.setImplementation(LogFactory.java:105) ]
DEBUG:Logging initialized using 'class org.apache.ibatis.logging.log4j.Log4jImpl' adapter.
2021-04-18 22:16:29 下午 [Thread: main][ Class:org.apache.ibatis.datasource.pooled.PooledDataSource >> Method: org.apache.ibatis.datasource.pooled.PooledDataSource.forceCloseAll(PooledDataSource.java:353) ]
DEBUG:PooledDataSource forcefully closed/removed all connections.
2021-04-18 22:16:29 下午 [Thread: main][ Class:org.apache.ibatis.datasource.pooled.PooledDataSource >> Method: org.apache.ibatis.datasource.pooled.PooledDataSource.forceCloseAll(PooledDataSource.java:353) ]
DEBUG:PooledDataSource forcefully closed/removed all connections.
2021-04-18 22:16:29 下午 [Thread: main][ Class:org.apache.ibatis.datasource.pooled.PooledDataSource >> Method: org.apache.ibatis.datasource.pooled.PooledDataSource.forceCloseAll(PooledDataSource.java:353) ]
DEBUG:PooledDataSource forcefully closed/removed all connections.
2021-04-18 22:16:29 下午 [Thread: main][ Class:org.apache.ibatis.datasource.pooled.PooledDataSource >> Method: org.apache.ibatis.datasource.pooled.PooledDataSource.forceCloseAll(PooledDataSource.java:353) ]
DEBUG:PooledDataSource forcefully closed/removed all connections.
2021-04-18 22:25:05 下午 [Thread: main][ Class:org.apache.ibatis.logging.LogFactory >> Method: org.apache.ibatis.logging.LogFactory.setImplementation(LogFactory.java:105) ]
DEBUG:Logging initialized using 'class org.apache.ibatis.logging.log4j.Log4jImpl' adapter.
2021-04-18 22:25:05 下午 [Thread: main][ Class:org.apache.ibatis.logging.LogFactory >> Method: org.apache.ibatis.logging.LogFactory.setImplementation(LogFactory.java:105) ]
DEBUG:Logging initialized using 'class org.apache.ibatis.logging.log4j.Log4jImpl' adapter.
2021-04-18 22:25:05 下午 [Thread: main][ Class:org.apache.ibatis.datasource.pooled.PooledDataSource >> Method: org.apache.ibatis.datasource.pooled.PooledDataSource.forceCloseAll(PooledDataSource.java:353) ]
DEBUG:PooledDataSource forcefully closed/removed all connections.
2021-04-18 22:25:05 下午 [Thread: main][ Class:org.apache.ibatis.datasource.pooled.PooledDataSource >> Method: org.apache.ibatis.datasource.pooled.PooledDataSource.forceCloseAll(PooledDataSource.java:353) ]
DEBUG:PooledDataSource forcefully closed/removed all connections.
2021-04-18 22:25:05 下午 [Thread: main][ Class:org.apache.ibatis.datasource.pooled.PooledDataSource >> Method: org.apache.ibatis.datasource.pooled.PooledDataSource.forceCloseAll(PooledDataSource.java:353) ]
DEBUG:PooledDataSource forcefully closed/removed all connections.
2021-04-18 22:25:05 下午 [Thread: main][ Class:org.apache.ibatis.datasource.pooled.PooledDataSource >> Method: org.apache.ibatis.datasource.pooled.PooledDataSource.forceCloseAll(PooledDataSource.java:353) ]
DEBUG:PooledDataSource forcefully closed/removed all connections.
2021-04-18 22:25:05 下午 [Thread: main][ Class:com.bian.Dao.myTest >> Method: com.bian.Dao.myTest.getStudent(myTest.java:21) ]
INFO:info:进入了testLog4j
2021-04-18 22:25:05 下午 [Thread: main][ Class:com.bian.Dao.myTest >> Method: com.bian.Dao.myTest.getStudent(myTest.java:21) ]
INFO:info:进入了testLog4j
2021-04-18 22:25:05 下午 [Thread: main][ Class:org.apache.ibatis.transaction.jdbc.JdbcTransaction >> Method: org.apache.ibatis.transaction.jdbc.JdbcTransaction.openConnection(JdbcTransaction.java:136) ]
DEBUG:Opening JDBC Connection
2021-04-18 22:25:06 下午 [Thread: main][ Class:org.apache.ibatis.datasource.pooled.PooledDataSource >> Method: org.apache.ibatis.datasource.pooled.PooledDataSource.popConnection(PooledDataSource.java:424) ]
DEBUG:Created connection 1219161283.
2021-04-18 22:25:06 下午 [Thread: main][ Class:org.apache.ibatis.transaction.jdbc.JdbcTransaction >> Method: org.apache.ibatis.transaction.jdbc.JdbcTransaction.setDesiredAutoCommit(JdbcTransaction.java:100) ]
DEBUG:Setting autocommit to false on JDBC Connection [com.mysql.cj.jdbc.ConnectionImpl@48aaecc3]
2021-04-18 22:25:06 下午 [Thread: main][ Class:com.bian.Dao.studentMapper.getStudents2 >> Method: org.apache.ibatis.logging.jdbc.BaseJdbcLogger.debug(BaseJdbcLogger.java:143) ]
DEBUG:==>  Preparing: select s.id sid,s.name sname,t.name tname from student s,teacher t where s.tid = t.id; 
2021-04-18 22:25:06 下午 [Thread: main][ Class:com.bian.Dao.studentMapper.getStudents2 >> Method: org.apache.ibatis.logging.jdbc.BaseJdbcLogger.debug(BaseJdbcLogger.java:143) ]
DEBUG:==> Parameters: 
2021-04-19 17:27:12 下午 [Thread: main][ Class:org.apache.ibatis.logging.LogFactory >> Method: org.apache.ibatis.logging.LogFactory.setImplementation(LogFactory.java:105) ]
DEBUG:Logging initialized using 'class org.apache.ibatis.logging.log4j.Log4jImpl' adapter.
2021-04-19 17:27:12 下午 [Thread: main][ Class:org.apache.ibatis.logging.LogFactory >> Method: org.apache.ibatis.logging.LogFactory.setImplementation(LogFactory.java:105) ]
DEBUG:Logging initialized using 'class org.apache.ibatis.logging.log4j.Log4jImpl' adapter.
2021-04-19 17:27:13 下午 [Thread: main][ Class:org.apache.ibatis.datasource.pooled.PooledDataSource >> Method: org.apache.ibatis.datasource.pooled.PooledDataSource.forceCloseAll(PooledDataSource.java:353) ]
DEBUG:PooledDataSource forcefully closed/removed all connections.
2021-04-19 17:27:13 下午 [Thread: main][ Class:org.apache.ibatis.datasource.pooled.PooledDataSource >> Method: org.apache.ibatis.datasource.pooled.PooledDataSource.forceCloseAll(PooledDataSource.java:353) ]
DEBUG:PooledDataSource forcefully closed/removed all connections.
2021-04-19 17:27:13 下午 [Thread: main][ Class:org.apache.ibatis.datasource.pooled.PooledDataSource >> Method: org.apache.ibatis.datasource.pooled.PooledDataSource.forceCloseAll(PooledDataSource.java:353) ]
DEBUG:PooledDataSource forcefully closed/removed all connections.
2021-04-19 17:27:13 下午 [Thread: main][ Class:org.apache.ibatis.datasource.pooled.PooledDataSource >> Method: org.apache.ibatis.datasource.pooled.PooledDataSource.forceCloseAll(PooledDataSource.java:353) ]
DEBUG:PooledDataSource forcefully closed/removed all connections.
2021-04-19 17:27:13 下午 [Thread: main][ Class:com.bian.Dao.myTest >> Method: com.bian.Dao.myTest.getStudent(myTest.java:21) ]
INFO:info:进入了testLog4j
2021-04-19 17:27:13 下午 [Thread: main][ Class:com.bian.Dao.myTest >> Method: com.bian.Dao.myTest.getStudent(myTest.java:21) ]
INFO:info:进入了testLog4j
2021-04-19 17:27:13 下午 [Thread: main][ Class:org.apache.ibatis.transaction.jdbc.JdbcTransaction >> Method: org.apache.ibatis.transaction.jdbc.JdbcTransaction.openConnection(JdbcTransaction.java:136) ]
DEBUG:Opening JDBC Connection
2021-04-19 17:27:13 下午 [Thread: main][ Class:org.apache.ibatis.datasource.pooled.PooledDataSource >> Method: org.apache.ibatis.datasource.pooled.PooledDataSource.popConnection(PooledDataSource.java:424) ]
DEBUG:Created connection 1219161283.
2021-04-19 17:27:13 下午 [Thread: main][ Class:org.apache.ibatis.transaction.jdbc.JdbcTransaction >> Method: org.apache.ibatis.transaction.jdbc.JdbcTransaction.setDesiredAutoCommit(JdbcTransaction.java:100) ]
DEBUG:Setting autocommit to false on JDBC Connection [com.mysql.cj.jdbc.ConnectionImpl@48aaecc3]
2021-04-19 17:27:13 下午 [Thread: main][ Class:com.bian.Dao.studentMapper.getStudents2 >> Method: org.apache.ibatis.logging.jdbc.BaseJdbcLogger.debug(BaseJdbcLogger.java:143) ]
DEBUG:==>  Preparing: select s.id sid,s.name sname,t.name tname from student s,teacher t where s.tid = t.id; 
2021-04-19 17:27:13 下午 [Thread: main][ Class:com.bian.Dao.studentMapper.getStudents2 >> Method: org.apache.ibatis.logging.jdbc.BaseJdbcLogger.debug(BaseJdbcLogger.java:143) ]
DEBUG:==> Parameters: 
2021-04-19 17:32:43 下午 [Thread: main][ Class:org.apache.ibatis.logging.LogFactory >> Method: org.apache.ibatis.logging.LogFactory.setImplementation(LogFactory.java:105) ]
DEBUG:Logging initialized using 'class org.apache.ibatis.logging.log4j.Log4jImpl' adapter.
2021-04-19 17:32:43 下午 [Thread: main][ Class:org.apache.ibatis.logging.LogFactory >> Method: org.apache.ibatis.logging.LogFactory.setImplementation(LogFactory.java:105) ]
DEBUG:Logging initialized using 'class org.apache.ibatis.logging.log4j.Log4jImpl' adapter.
2021-04-19 17:32:43 下午 [Thread: main][ Class:org.apache.ibatis.datasource.pooled.PooledDataSource >> Method: org.apache.ibatis.datasource.pooled.PooledDataSource.forceCloseAll(PooledDataSource.java:353) ]
DEBUG:PooledDataSource forcefully closed/removed all connections.
2021-04-19 17:32:43 下午 [Thread: main][ Class:org.apache.ibatis.datasource.pooled.PooledDataSource >> Method: org.apache.ibatis.datasource.pooled.PooledDataSource.forceCloseAll(PooledDataSource.java:353) ]
DEBUG:PooledDataSource forcefully closed/removed all connections.
2021-04-19 17:32:43 下午 [Thread: main][ Class:org.apache.ibatis.datasource.pooled.PooledDataSource >> Method: org.apache.ibatis.datasource.pooled.PooledDataSource.forceCloseAll(PooledDataSource.java:353) ]
DEBUG:PooledDataSource forcefully closed/removed all connections.
2021-04-19 17:32:43 下午 [Thread: main][ Class:org.apache.ibatis.datasource.pooled.PooledDataSource >> Method: org.apache.ibatis.datasource.pooled.PooledDataSource.forceCloseAll(PooledDataSource.java:353) ]
DEBUG:PooledDataSource forcefully closed/removed all connections.
2021-04-19 17:32:43 下午 [Thread: main][ Class:com.bian.Dao.myTest >> Method: com.bian.Dao.myTest.getStudent(myTest.java:21) ]
INFO:info:进入了testLog4j
2021-04-19 17:32:43 下午 [Thread: main][ Class:com.bian.Dao.myTest >> Method: com.bian.Dao.myTest.getStudent(myTest.java:21) ]
INFO:info:进入了testLog4j
2021-04-19 17:32:43 下午 [Thread: main][ Class:org.apache.ibatis.transaction.jdbc.JdbcTransaction >> Method: org.apache.ibatis.transaction.jdbc.JdbcTransaction.openConnection(JdbcTransaction.java:136) ]
DEBUG:Opening JDBC Connection
2021-04-19 17:32:43 下午 [Thread: main][ Class:org.apache.ibatis.datasource.pooled.PooledDataSource >> Method: org.apache.ibatis.datasource.pooled.PooledDataSource.popConnection(PooledDataSource.java:424) ]
DEBUG:Created connection 1219161283.
2021-04-19 17:32:43 下午 [Thread: main][ Class:org.apache.ibatis.transaction.jdbc.JdbcTransaction >> Method: org.apache.ibatis.transaction.jdbc.JdbcTransaction.setDesiredAutoCommit(JdbcTransaction.java:100) ]
DEBUG:Setting autocommit to false on JDBC Connection [com.mysql.cj.jdbc.ConnectionImpl@48aaecc3]
2021-04-19 17:32:43 下午 [Thread: main][ Class:com.bian.Dao.studentMapper.getStudents2 >> Method: org.apache.ibatis.logging.jdbc.BaseJdbcLogger.debug(BaseJdbcLogger.java:143) ]
DEBUG:==>  Preparing: select s.id sid,s.name sname,t.name tname from student s,teacher t where s.tid = t.id; 
2021-04-19 17:32:43 下午 [Thread: main][ Class:com.bian.Dao.studentMapper.getStudents2 >> Method: org.apache.ibatis.logging.jdbc.BaseJdbcLogger.debug(BaseJdbcLogger.java:143) ]
DEBUG:==> Parameters: 
2021-04-19 17:32:44 下午 [Thread: main][ Class:com.bian.Dao.studentMapper.getStudents2 >> Method: org.apache.ibatis.logging.jdbc.BaseJdbcLogger.debug(BaseJdbcLogger.java:143) ]
DEBUG:<==      Total: 3
2021-04-19 17:32:44 下午 [Thread: main][ Class:org.apache.ibatis.transaction.jdbc.JdbcTransaction >> Method: org.apache.ibatis.transaction.jdbc.JdbcTransaction.resetAutoCommit(JdbcTransaction.java:122) ]
DEBUG:Resetting autocommit to true on JDBC Connection [com.mysql.cj.jdbc.ConnectionImpl@48aaecc3]
2021-04-19 17:32:44 下午 [Thread: main][ Class:org.apache.ibatis.transaction.jdbc.JdbcTransaction >> Method: org.apache.ibatis.transaction.jdbc.JdbcTransaction.close(JdbcTransaction.java:90) ]
DEBUG:Closing JDBC Connection [com.mysql.cj.jdbc.ConnectionImpl@48aaecc3]
2021-04-19 17:32:44 下午 [Thread: main][ Class:org.apache.ibatis.datasource.pooled.PooledDataSource >> Method: org.apache.ibatis.datasource.pooled.PooledDataSource.pushConnection(PooledDataSource.java:381) ]
DEBUG:Returned connection 1219161283 to pool.
2021-04-19 17:33:44 下午 [Thread: main][ Class:org.apache.ibatis.logging.LogFactory >> Method: org.apache.ibatis.logging.LogFactory.setImplementation(LogFactory.java:105) ]
DEBUG:Logging initialized using 'class org.apache.ibatis.logging.log4j.Log4jImpl' adapter.
2021-04-19 17:33:44 下午 [Thread: main][ Class:org.apache.ibatis.logging.LogFactory >> Method: org.apache.ibatis.logging.LogFactory.setImplementation(LogFactory.java:105) ]
DEBUG:Logging initialized using 'class org.apache.ibatis.logging.log4j.Log4jImpl' adapter.
2021-04-19 17:33:44 下午 [Thread: main][ Class:org.apache.ibatis.datasource.pooled.PooledDataSource >> Method: org.apache.ibatis.datasource.pooled.PooledDataSource.forceCloseAll(PooledDataSource.java:353) ]
DEBUG:PooledDataSource forcefully closed/removed all connections.
2021-04-19 17:33:44 下午 [Thread: main][ Class:org.apache.ibatis.datasource.pooled.PooledDataSource >> Method: org.apache.ibatis.datasource.pooled.PooledDataSource.forceCloseAll(PooledDataSource.java:353) ]
DEBUG:PooledDataSource forcefully closed/removed all connections.
2021-04-19 17:33:44 下午 [Thread: main][ Class:org.apache.ibatis.datasource.pooled.PooledDataSource >> Method: org.apache.ibatis.datasource.pooled.PooledDataSource.forceCloseAll(PooledDataSource.java:353) ]
DEBUG:PooledDataSource forcefully closed/removed all connections.
2021-04-19 17:33:44 下午 [Thread: main][ Class:org.apache.ibatis.datasource.pooled.PooledDataSource >> Method: org.apache.ibatis.datasource.pooled.PooledDataSource.forceCloseAll(PooledDataSource.java:353) ]
DEBUG:PooledDataSource forcefully closed/removed all connections.
2021-04-19 17:33:44 下午 [Thread: main][ Class:com.bian.Dao.myTest >> Method: com.bian.Dao.myTest.getStudent(myTest.java:21) ]
INFO:info:进入了testLog4j
2021-04-19 17:33:44 下午 [Thread: main][ Class:com.bian.Dao.myTest >> Method: com.bian.Dao.myTest.getStudent(myTest.java:21) ]
INFO:info:进入了testLog4j
2021-04-19 17:33:44 下午 [Thread: main][ Class:org.apache.ibatis.transaction.jdbc.JdbcTransaction >> Method: org.apache.ibatis.transaction.jdbc.JdbcTransaction.openConnection(JdbcTransaction.java:136) ]
DEBUG:Opening JDBC Connection
2021-04-19 17:33:45 下午 [Thread: main][ Class:org.apache.ibatis.datasource.pooled.PooledDataSource >> Method: org.apache.ibatis.datasource.pooled.PooledDataSource.popConnection(PooledDataSource.java:424) ]
DEBUG:Created connection 1219161283.
2021-04-19 17:33:45 下午 [Thread: main][ Class:org.apache.ibatis.transaction.jdbc.JdbcTransaction >> Method: org.apache.ibatis.transaction.jdbc.JdbcTransaction.setDesiredAutoCommit(JdbcTransaction.java:100) ]
DEBUG:Setting autocommit to false on JDBC Connection [com.mysql.cj.jdbc.ConnectionImpl@48aaecc3]
2021-04-19 17:33:45 下午 [Thread: main][ Class:com.bian.Dao.studentMapper.getStudents >> Method: org.apache.ibatis.logging.jdbc.BaseJdbcLogger.debug(BaseJdbcLogger.java:143) ]
DEBUG:==>  Preparing: select * from student; 
2021-04-19 17:33:45 下午 [Thread: main][ Class:com.bian.Dao.studentMapper.getStudents >> Method: org.apache.ibatis.logging.jdbc.BaseJdbcLogger.debug(BaseJdbcLogger.java:143) ]
DEBUG:==> Parameters: 
2021-04-19 17:33:45 下午 [Thread: main][ Class:com.bian.Dao.studentMapper.getTeacherById >> Method: org.apache.ibatis.logging.jdbc.BaseJdbcLogger.debug(BaseJdbcLogger.java:143) ]
DEBUG:====>  Preparing: select * from teacher where id=?; 
2021-04-19 17:33:45 下午 [Thread: main][ Class:com.bian.Dao.studentMapper.getTeacherById >> Method: org.apache.ibatis.logging.jdbc.BaseJdbcLogger.debug(BaseJdbcLogger.java:143) ]
DEBUG:====> Parameters: 1(Integer)
2021-04-19 17:33:45 下午 [Thread: main][ Class:com.bian.Dao.studentMapper.getTeacherById >> Method: org.apache.ibatis.logging.jdbc.BaseJdbcLogger.debug(BaseJdbcLogger.java:143) ]
DEBUG:<====      Total: 1
2021-04-19 17:33:45 下午 [Thread: main][ Class:com.bian.Dao.studentMapper.getStudents >> Method: org.apache.ibatis.logging.jdbc.BaseJdbcLogger.debug(BaseJdbcLogger.java:143) ]
DEBUG:<==      Total: 3
2021-04-19 17:33:45 下午 [Thread: main][ Class:org.apache.ibatis.transaction.jdbc.JdbcTransaction >> Method: org.apache.ibatis.transaction.jdbc.JdbcTransaction.resetAutoCommit(JdbcTransaction.java:122) ]
DEBUG:Resetting autocommit to true on JDBC Connection [com.mysql.cj.jdbc.ConnectionImpl@48aaecc3]
2021-04-19 17:33:45 下午 [Thread: main][ Class:org.apache.ibatis.transaction.jdbc.JdbcTransaction >> Method: org.apache.ibatis.transaction.jdbc.JdbcTransaction.close(JdbcTransaction.java:90) ]
DEBUG:Closing JDBC Connection [com.mysql.cj.jdbc.ConnectionImpl@48aaecc3]
2021-04-19 17:33:45 下午 [Thread: main][ Class:org.apache.ibatis.datasource.pooled.PooledDataSource >> Method: org.apache.ibatis.datasource.pooled.PooledDataSource.pushConnection(PooledDataSource.java:381) ]
DEBUG:Returned connection 1219161283 to pool.
